{"uuid":"44a4e6cf-50bb-4160-a98e-b7bef07e8f9c","historyId":"6d78deef5b4ddd3e2efaf50e326f157","fullName":"TestPackage.RegisterUser.test","labels":[{"name":"package","value":"TestPackage.RegisterUser"},{"name":"testClass","value":"TestPackage.RegisterUser"},{"name":"testMethod","value":"test"},{"name":"parentSuite","value":"Default Suite"},{"name":"suite","value":"eCommerce_test_automation"},{"name":"subSuite","value":"TestPackage.RegisterUser"},{"name":"host","value":"DESKTOP-UPF29VS"},{"name":"thread","value":"8360@DESKTOP-UPF29VS.main(1)"},{"name":"framework","value":"testng"},{"name":"language","value":"java"},{"name":"epic","value":"Automation Exercise"},{"name":"story","value":"User Register"},{"name":"feature","value":"User Management"}],"links":[],"name":"Register User Test - GUI","status":"failed","statusDetails":{"known":false,"muted":false,"flaky":false,"message":"Failed to Get text from \"By.cssSelector: h2[data-qa='account-deleted'] > b\". Root cause: \"org.openqa.selenium.NoSuchElementException: no such element: Unable to locate element: {\"method\":\"css selector\",\"selector\":\"h2[data-qa='account-deleted'] > b\"}\"","trace":"java.lang.AssertionError: Failed to Get text from \"By.cssSelector: h2[data-qa='account-deleted'] > b\". Root cause: \"org.openqa.selenium.NoSuchElementException: no such element: Unable to locate element: {\"method\":\"css selector\",\"selector\":\"h2[data-qa='account-deleted'] > b\"}\"\r\n\tat org.testng.Assert.fail(Assert.java:99)\r\n\tat com.shaft.gui.element.internal.ElementActionsHelper.failAction(ElementActionsHelper.java:1011)\r\n\tat com.shaft.gui.element.internal.ElementActionsHelper.failAction(ElementActionsHelper.java:956)\r\n\tat com.shaft.gui.element.ElementActions.getText(ElementActions.java:470)\r\n\tat com.shaft.validation.internal.ValidationsHelper2.validateElementAttribute(ValidationsHelper2.java:36)\r\n\tat com.shaft.validation.internal.ValidationsExecutor.performValidation(ValidationsExecutor.java:168)\r\n\tat com.shaft.validation.internal.ValidationsExecutor.internalPerform(ValidationsExecutor.java:150)\r\n\tat com.shaft.validation.internal.NativeValidationsBuilder.equalsIgnoringCaseSensitivity(NativeValidationsBuilder.java:192)\r\n\tat TestPackage.RegisterUser.test(RegisterUser.java:95)\r\n\tat java.base/jdk.internal.reflect.DirectMethodHandleAccessor.invoke(DirectMethodHandleAccessor.java:103)\r\n\tat java.base/java.lang.reflect.Method.invoke(Method.java:580)\r\n\tat org.testng.internal.invokers.MethodInvocationHelper.invokeMethod(MethodInvocationHelper.java:139)\r\n\tat org.testng.internal.invokers.TestInvoker.invokeMethod(TestInvoker.java:664)\r\n\tat org.testng.internal.invokers.TestInvoker.invokeTestMethod(TestInvoker.java:228)\r\n\tat org.testng.internal.invokers.MethodRunner.runInSequence(MethodRunner.java:63)\r\n\tat org.testng.internal.invokers.TestInvoker$MethodInvocationAgent.invoke(TestInvoker.java:961)\r\n\tat org.testng.internal.invokers.TestInvoker.invokeTestMethods(TestInvoker.java:201)\r\n\tat org.testng.internal.invokers.TestMethodWorker.invokeTestMethods(TestMethodWorker.java:148)\r\n\tat org.testng.internal.invokers.TestMethodWorker.run(TestMethodWorker.java:128)\r\n\tat java.base/java.util.ArrayList.forEach(ArrayList.java:1597)\r\n\tat org.testng.TestRunner.privateRun(TestRunner.java:819)\r\n\tat org.testng.TestRunner.run(TestRunner.java:619)\r\n\tat org.testng.SuiteRunner.runTest(SuiteRunner.java:443)\r\n\tat org.testng.SuiteRunner.runSequentially(SuiteRunner.java:437)\r\n\tat org.testng.SuiteRunner.privateRun(SuiteRunner.java:397)\r\n\tat org.testng.SuiteRunner.run(SuiteRunner.java:336)\r\n\tat org.testng.SuiteRunnerWorker.runSuite(SuiteRunnerWorker.java:52)\r\n\tat org.testng.SuiteRunnerWorker.run(SuiteRunnerWorker.java:95)\r\n\tat org.testng.TestNG.runSuitesSequentially(TestNG.java:1301)\r\n\tat org.testng.TestNG.runSuitesLocally(TestNG.java:1228)\r\n\tat org.testng.TestNG.runSuites(TestNG.java:1134)\r\n\tat org.testng.TestNG.run(TestNG.java:1101)\r\n\tat com.intellij.rt.testng.IDEARemoteTestNG.run(IDEARemoteTestNG.java:65)\r\n\tat com.intellij.rt.testng.RemoteTestNGStarter.main(RemoteTestNGStarter.java:105)\r\nCaused by: java.lang.AssertionError: Failed to identify unique element using this locator \"By.cssSelector: h2[data-qa='account-deleted'] > b\" Root cause: \"org.openqa.selenium.NoSuchElementException: no such element: Unable to locate element: {\"method\":\"css selector\",\"selector\":\"h2[data-qa='account-deleted'] > b\"}\"\r\n\tat org.testng.Assert.fail(Assert.java:99)\r\n\tat com.shaft.tools.io.internal.FailureReporter.fail(FailureReporter.java:38)\r\n\tat com.shaft.gui.element.internal.ElementActionsHelper.identifyUniqueElement(ElementActionsHelper.java:873)\r\n\tat com.shaft.gui.element.internal.ElementActionsHelper.identifyUniqueElementIgnoringVisibility(ElementActionsHelper.java:862)\r\n\tat com.shaft.gui.element.ElementActions.getText(ElementActions.java:441)\r\n\t... 30 more\r\nCaused by: org.openqa.selenium.TimeoutException: Expected condition failed: waiting for com.shaft.gui.element.internal.ElementActionsHelper$$Lambda/0x000001dfcd72e430@1f018baf (tried for 60 second(s) with 100 milliseconds interval)\r\n\tat org.openqa.selenium.support.ui.FluentWait.timeoutException(FluentWait.java:265)\r\n\tat org.openqa.selenium.support.ui.FluentWait.until(FluentWait.java:228)\r\n\tat com.shaft.gui.element.internal.ElementActionsHelper.waitForElementPresence(ElementActionsHelper.java:130)\r\n\tat com.shaft.gui.element.internal.ElementActionsHelper.getMatchingElementsInformation(ElementActionsHelper.java:903)\r\n\tat com.shaft.gui.element.internal.ElementActionsHelper.identifyUniqueElement(ElementActionsHelper.java:866)\r\n\t... 32 more\r\nCaused by: org.openqa.selenium.NoSuchElementException: no such element: Unable to locate element: {\"method\":\"css selector\",\"selector\":\"h2[data-qa='account-deleted'] > b\"}\n  (Session info: chrome=123.0.6312.86)\nFor documentation on this error, please visit: https://www.selenium.dev/documentation/webdriver/troubleshooting/errors#no-such-element-exception\nBuild info: version: '4.18.1', revision: 'b1d3319b48'\nSystem info: os.name: 'Windows 10', os.arch: 'amd64', os.version: '10.0', java.version: '22'\nDriver info: org.openqa.selenium.chrome.ChromeDriver\nCommand: [30b9ebb3c090ea74cc5c30a4c14f64d9, findElement {using=css selector, value=h2[data-qa='account-deleted'] > b}]\nCapabilities {acceptInsecureCerts: true, browserName: chrome, browserVersion: 123.0.6312.86, chrome: {chromedriverVersion: 123.0.6312.86 (9b72c47a0536..., userDataDir: C:\\Users\\ELSHEAKH\\AppData\\L...}, fedcm:accounts: true, goog:chromeOptions: {debuggerAddress: localhost:53836}, networkConnectionEnabled: false, pageLoadStrategy: normal, platformName: windows, proxy: Proxy(), se:cdp: ws://localhost:53836/devtoo..., se:cdpVersion: 123.0.6312.86, setWindowRect: true, strictFileInteractability: false, timeouts: {implicit: 0, pageLoad: 60000, script: 60000}, unhandledPromptBehavior: ignore, webSocketUrl: ws://localhost:34659/sessio..., webauthn:extension:credBlob: true, webauthn:extension:largeBlob: true, webauthn:extension:minPinLength: true, webauthn:extension:prf: true, webauthn:virtualAuthenticators: true}\nSession ID: 30b9ebb3c090ea74cc5c30a4c14f64d9\r\n\tat java.base/jdk.internal.reflect.DirectConstructorHandleAccessor.newInstance(DirectConstructorHandleAccessor.java:62)\r\n\tat java.base/java.lang.reflect.Constructor.newInstanceWithCaller(Constructor.java:502)\r\n\tat java.base/java.lang.reflect.Constructor.newInstance(Constructor.java:486)\r\n\tat org.openqa.selenium.remote.ErrorCodec.decode(ErrorCodec.java:167)\r\n\tat org.openqa.selenium.remote.codec.w3c.W3CHttpResponseCodec.decode(W3CHttpResponseCodec.java:138)\r\n\tat org.openqa.selenium.remote.codec.w3c.W3CHttpResponseCodec.decode(W3CHttpResponseCodec.java:50)\r\n\tat org.openqa.selenium.remote.HttpCommandExecutor.execute(HttpCommandExecutor.java:190)\r\n\tat org.openqa.selenium.remote.service.DriverCommandExecutor.invokeExecute(DriverCommandExecutor.java:216)\r\n\tat org.openqa.selenium.remote.service.DriverCommandExecutor.execute(DriverCommandExecutor.java:174)\r\n\tat org.openqa.selenium.remote.RemoteWebDriver.execute(RemoteWebDriver.java:519)\r\n\tat org.openqa.selenium.remote.ElementLocation$ElementFinder$2.findElement(ElementLocation.java:165)\r\n\tat org.openqa.selenium.remote.ElementLocation.findElement(ElementLocation.java:59)\r\n\tat org.openqa.selenium.remote.RemoteWebDriver.findElement(RemoteWebDriver.java:356)\r\n\tat org.openqa.selenium.remote.RemoteWebDriver.findElement(RemoteWebDriver.java:350)\r\n\tat com.shaft.gui.element.internal.ElementActionsHelper.lambda$waitForElementPresence$6(ElementActionsHelper.java:149)\r\n\tat org.openqa.selenium.support.ui.FluentWait.until(FluentWait.java:203)\r\n\t... 35 more\r\n"},"stage":"finished","description":"As a new user, upon entering valid data during registration, I should be successfully registered and automatically logged into the system.","steps":[{"name":"Navigate to url \"https://automationexercise.com/\".","status":"passed","stage":"finished","steps":[],"attachments":[],"parameters":[],"start":1711862752352,"stop":1711862752352},{"name":" Verify that the Browser title is equal to \"Automation Exercise\".","status":"passed","stage":"finished","steps":[{"name":"Get current window title \"Automation Exercise\".","status":"passed","stage":"finished","steps":[],"attachments":[],"parameters":[],"start":1711862752452,"stop":1711862752452},{"name":"Verification Passed: the Browser title is equal to \"Automation Exercise\".","status":"passed","stage":"finished","steps":[],"attachments":[{"name":"Screenshot - ValidateBrowserAttribute_passed_1711862754633","source":"4a25eb61-84b2-4145-8054-b46830c957e9-attachment.png","type":"image/png"}],"parameters":[{"name":"customLog","value":"Verification Passed: the Browser title is equal to \"Automation Exercise\"."},{"name":"attachments","value":"[[Screenshot, ValidateBrowserAttribute_passed_1711862754633, java.io.ByteArrayInputStream@17d83fe4]]"}],"start":1711862757550,"stop":1711862757582}],"attachments":[],"parameters":[{"name":"validationCategory","value":"SOFT_ASSERT"},{"name":"driver","value":"ChromeDriver: chrome on windows (30b9ebb3c090ea74cc5c30a4c14f64d9)"},{"name":"browserAttribute","value":"title"},{"name":"expectedValue","value":"Automation Exercise"},{"name":"validationComparisonType","value":"EQUALS"},{"name":"validationType","value":"POSITIVE"},{"name":"customReportMessage","value":"the Browser title is equal to \"Automation Exercise\"."}],"start":1711862752369,"stop":1711862757586},{"name":"the Browser title is equal to \"Automation Exercise\".","status":"passed","stage":"finished","steps":[],"attachments":[],"parameters":[],"start":1711862757587,"stop":1711862757587},{"name":"Click \"By.className: fa-lock\".","status":"passed","stage":"finished","steps":[],"attachments":[],"parameters":[],"start":1711862759677,"stop":1711862759677},{"name":" Verify that the element located by \"By.className: signup-form\" text is equal to \"New User Signup!\nSignup\".","status":"passed","stage":"finished","steps":[{"name":"Get text \"New User Signup!\nSignup\" from \"By.className: signup-form\".","status":"passed","stage":"finished","steps":[],"attachments":[],"parameters":[],"start":1711862759891,"stop":1711862759891}],"attachments":[{"name":"Screenshot - VerifyElementAttribute_passed_1711862760804","source":"0adcaab9-92e5-4b72-a082-4066c1f0280c-attachment.png","type":"image/png"}],"parameters":[{"name":"driver","value":"ChromeDriver: chrome on windows (30b9ebb3c090ea74cc5c30a4c14f64d9)"},{"name":"elementLocator","value":"By.className: signup-form"},{"name":"elementAttribute","value":"text"},{"name":"expectedValue","value":"New User Signup!\nSignup"},{"name":"validationComparisonType","value":"EQUALS"},{"name":"validationType","value":"POSITIVE"},{"name":"customReportMessage","value":"the element located by \"By.className: signup-form\" text is equal to \"New User Signup!\nSignup\"."}],"start":1711862759699,"stop":1711862761059},{"name":"the element located by \"By.className: signup-form\" text is equal to \"New User Signup!\nSignup\".","status":"passed","stage":"finished","steps":[],"attachments":[],"parameters":[],"start":1711862761060,"stop":1711862761060},{"name":"Type \"Hameed\" into \"Name\".","status":"passed","stage":"finished","steps":[],"attachments":[],"parameters":[],"start":1711862761308,"stop":1711862761308},{"name":"Type \"abdelhameedkhamisss@yahoo.com\" into \"Email Address\".","status":"passed","stage":"finished","steps":[],"attachments":[],"parameters":[],"start":1711862761534,"stop":1711862761534},{"name":"Click \"Signup\".","status":"passed","stage":"finished","steps":[],"attachments":[],"parameters":[],"start":1711862762574,"stop":1711862762574},{"name":" Verify that the element located by \"By.xpath: (//*[@class=\"title text-center\"])[1]\" text is equal to \"ENTER ACCOUNT INFORMATION\".","status":"passed","stage":"finished","steps":[{"name":"Get text \"ENTER ACCOUNT INFORMATION\" from \"ENTER ACCOUNT INFORMATION\".","status":"passed","stage":"finished","steps":[],"attachments":[],"parameters":[],"start":1711862762706,"stop":1711862762706}],"attachments":[{"name":"Screenshot - VerifyElementAttribute_passed_1711862763552","source":"9b9c7085-2920-4221-8e98-c41cda2304a4-attachment.png","type":"image/png"}],"parameters":[{"name":"driver","value":"ChromeDriver: chrome on windows (30b9ebb3c090ea74cc5c30a4c14f64d9)"},{"name":"elementLocator","value":"By.xpath: (//*[@class=\"title text-center\"])[1]"},{"name":"elementAttribute","value":"text"},{"name":"expectedValue","value":"ENTER ACCOUNT INFORMATION"},{"name":"validationComparisonType","value":"EQUALS"},{"name":"validationType","value":"POSITIVE"},{"name":"customReportMessage","value":"the element located by \"By.xpath: (//*[@class=\"title text-center\"])[1]\" text is equal to \"ENTER ACCOUNT INFORMATION\"."}],"start":1711862762577,"stop":1711862763989},{"name":"the element located by \"By.xpath: (//*[@class=\"title text-center\"])[1]\" text is equal to \"ENTER ACCOUNT INFORMATION\".","status":"passed","stage":"finished","steps":[],"attachments":[],"parameters":[],"start":1711862763989,"stop":1711862763989},{"name":"Click \"Mr.\".","status":"passed","stage":"finished","steps":[],"attachments":[],"parameters":[],"start":1711862764267,"stop":1711862764267},{"name":"Type \"Windows.2000\" into \"Password *\".","status":"passed","stage":"finished","steps":[],"attachments":[],"parameters":[],"start":1711862764483,"stop":1711862764483},{"name":"Click \"20\".","status":"passed","stage":"finished","steps":[],"attachments":[],"parameters":[],"start":1711862764613,"stop":1711862764613},{"name":"Click \"September\".","status":"passed","stage":"finished","steps":[],"attachments":[],"parameters":[],"start":1711862764754,"stop":1711862764754},{"name":"Click \"1995\".","status":"passed","stage":"finished","steps":[],"attachments":[],"parameters":[],"start":1711862764878,"stop":1711862764878},{"name":"Click \"Sign up for our newsletter!\".","status":"passed","stage":"finished","steps":[],"attachments":[],"parameters":[],"start":1711862765165,"stop":1711862765165},{"name":"Type \"Abdelhamid\" into \"First name *\".","status":"passed","stage":"finished","steps":[],"attachments":[],"parameters":[],"start":1711862765448,"stop":1711862765448},{"name":"Type \"Khamis\" into \"Last name *\".","status":"passed","stage":"finished","steps":[],"attachments":[],"parameters":[],"start":1711862765722,"stop":1711862765722},{"name":"Type \"Almukatam, Cairo\" into \"Address * (Street address, P.O. Box, Company name, etc.)\".","status":"passed","stage":"finished","steps":[],"attachments":[],"parameters":[],"start":1711862765964,"stop":1711862765964},{"name":"Click \"Singapore\".","status":"passed","stage":"finished","steps":[],"attachments":[],"parameters":[],"start":1711862766079,"stop":1711862766079},{"name":"Type \"Cairo\" into \"State *\".","status":"passed","stage":"finished","steps":[],"attachments":[],"parameters":[],"start":1711862766308,"stop":1711862766308},{"name":"Type \"anyState\" into \"City * Zipcode *\".","status":"passed","stage":"finished","steps":[],"attachments":[],"parameters":[],"start":1711862766550,"stop":1711862766551},{"name":"Type \"25486\" into \"By.cssSelector: [data-qa=zipcode]\".","status":"passed","stage":"finished","steps":[],"attachments":[],"parameters":[],"start":1711862766782,"stop":1711862766782},{"name":"Type \"00201204984543\" into \"Mobile Number *\".","status":"passed","stage":"finished","steps":[],"attachments":[],"parameters":[],"start":1711862766995,"stop":1711862766995},{"name":"Click \"Create Account\".","status":"passed","stage":"finished","steps":[],"attachments":[],"parameters":[],"start":1711862769244,"stop":1711862769244},{"name":"Perform navigation action \"Navigate REFRESH to\".","status":"passed","stage":"finished","steps":[],"attachments":[],"parameters":[],"start":1711862770025,"stop":1711862770025},{"name":" Verify that the element located by \"By.cssSelector: [data-qa=account-created]\" text is equal to \"ACCOUNT CREATED!\".","status":"passed","stage":"finished","steps":[{"name":"Get text \"ACCOUNT CREATED!\" from \"ACCOUNT CREATED!\".","status":"passed","stage":"finished","steps":[],"attachments":[],"parameters":[],"start":1711862890250,"stop":1711862890250}],"attachments":[{"name":"Screenshot - VerifyElementAttribute_passed_1711862890549","source":"fc5348b6-1d7b-4a16-9223-1faa0084bf24-attachment.png","type":"image/png"}],"parameters":[{"name":"driver","value":"ChromeDriver: chrome on windows (30b9ebb3c090ea74cc5c30a4c14f64d9)"},{"name":"elementLocator","value":"By.cssSelector: [data-qa=account-created]"},{"name":"elementAttribute","value":"text"},{"name":"expectedValue","value":"ACCOUNT CREATED!"},{"name":"validationComparisonType","value":"EQUALS"},{"name":"validationType","value":"POSITIVE"},{"name":"customReportMessage","value":"the element located by \"By.cssSelector: [data-qa=account-created]\" text is equal to \"ACCOUNT CREATED!\"."}],"start":1711862890163,"stop":1711862890658},{"name":"the element located by \"By.cssSelector: [data-qa=account-created]\" text is equal to \"ACCOUNT CREATED!\".","status":"passed","stage":"finished","steps":[],"attachments":[],"parameters":[],"start":1711862890658,"stop":1711862890658},{"name":"Click \"Continue\".","status":"passed","stage":"finished","steps":[],"attachments":[],"parameters":[],"start":1711862890984,"stop":1711862890984},{"name":"Perform navigation action \"Navigate REFRESH to\".","status":"passed","stage":"finished","steps":[],"attachments":[],"parameters":[],"start":1711862892353,"stop":1711862892353},{"name":"Failed to Click \"By.cssSelector: a[href='/delete_account']\". Root cause: \"org.openqa.selenium.NoSuchElementException: no such element: Unable to locate element: {\"method\":\"css selector\",\"selector\":\"a[href='/delete_account']\"}\"","status":"passed","statusDetails":{"known":false,"muted":false,"flaky":false,"trace":"java.io.ByteArrayInputStream@72416c9a\r\njava.lang.AssertionError: Failed to identify unique element using this locator \"By.cssSelector: a[href='/delete_account']\" Root cause: \"org.openqa.selenium.NoSuchElementException: no such element: Unable to locate element: {\"method\":\"css selector\",\"selector\":\"a[href='/delete_account']\"}\"\r\n org.testng.Assert.fail(Assert.java:99)\r\n com.shaft.tools.io.internal.FailureReporter.fail(FailureReporter.java:38)\r\n com.shaft.gui.element.internal.ElementActionsHelper.identifyUniqueElement(ElementActionsHelper.java:873)\r\n com.shaft.gui.element.internal.ElementActionsHelper.performActionAgainstUniqueElementIgnoringVisibility(ElementActionsHelper.java:854)\r\n com.shaft.gui.element.ElementActions.click(ElementActions.java:128)\r\n com.ecommerce.utils.GoogleAlert.dismissAlert(GoogleAlert.java:19)\r\n TestPackage.RegisterUser.test(RegisterUser.java:91)\r\n java.base/jdk.internal.reflect.DirectMethodHandleAccessor.invoke(DirectMethodHandleAccessor.java:103)\r\n java.base/java.lang.reflect.Method.invoke(Method.java:580)\r\n org.testng.internal.invokers.MethodInvocationHelper.invokeMethod(MethodInvocationHelper.java:139)\r\n org.testng.internal.invokers.TestInvoker.invokeMethod(TestInvoker.java:664)\r\n org.testng.internal.invokers.TestInvoker.invokeTestMethod(TestInvoker.java:228)\r\n org.testng.internal.invokers.MethodRunner.runInSequence(MethodRunner.java:63)\r\n org.testng.internal.invokers.TestInvoker$MethodInvocationAgent.invoke(TestInvoker.java:961)\r\n org.testng.internal.invokers.TestInvoker.invokeTestMethods(TestInvoker.java:201)\r\n org.testng.internal.invokers.TestMethodWorker.invokeTestMethods(TestMethodWorker.java:148)\r\n org.testng.internal.invokers.TestMethodWorker.run(TestMethodWorker.java:128)\r\n java.base/java.util.ArrayList.forEach(ArrayList.java:1597)\r\n org.testng.TestRunner.privateRun(TestRunner.java:819)\r\n org.testng.TestRunner.run(TestRunner.java:619)\r\n org.testng.SuiteRunner.runTest(SuiteRunner.java:443)\r\n org.testng.SuiteRunner.runSequentially(SuiteRunner.java:437)\r\n org.testng.SuiteRunner.privateRun(SuiteRunner.java:397)\r\n org.testng.SuiteRunner.run(SuiteRunner.java:336)\r\n org.testng.SuiteRunnerWorker.runSuite(SuiteRunnerWorker.java:52)\r\n org.testng.SuiteRunnerWorker.run(SuiteRunnerWorker.java:95)\r\n org.testng.TestNG.runSuitesSequentially(TestNG.java:1301)\r\n org.testng.TestNG.runSuitesLocally(TestNG.java:1228)\r\n org.testng.TestNG.runSuites(TestNG.java:1134)\r\n org.testng.TestNG.run(TestNG.java:1101)\r\n com.intellij.rt.testng.IDEARemoteTestNG.run(IDEARemoteTestNG.java:65)\r\n com.intellij.rt.testng.RemoteTestNGStarter.main(RemoteTestNGStarter.java:105)\r\n\r\nCaused by: org.openqa.selenium.TimeoutException: Expected condition failed: waiting for com.shaft.gui.element.internal.ElementActionsHelper$$Lambda/0x000001dfcd72e430@3de64145 (tried for 60 second(s) with 100 milliseconds interval)\r\n org.openqa.selenium.support.ui.FluentWait.timeoutException(FluentWait.java:265)\r\n org.openqa.selenium.support.ui.FluentWait.until(FluentWait.java:228)\r\n com.shaft.gui.element.internal.ElementActionsHelper.waitForElementPresence(ElementActionsHelper.java:130)\r\n com.shaft.gui.element.internal.ElementActionsHelper.getMatchingElementsInformation(ElementActionsHelper.java:903)\r\n com.shaft.gui.element.internal.ElementActionsHelper.identifyUniqueElement(ElementActionsHelper.java:866)\r\n com.shaft.gui.element.internal.ElementActionsHelper.performActionAgainstUniqueElementIgnoringVisibility(ElementActionsHelper.java:854)\r\n com.shaft.gui.element.ElementActions.click(ElementActions.java:128)\r\n com.ecommerce.utils.GoogleAlert.dismissAlert(GoogleAlert.java:19)\r\n TestPackage.RegisterUser.test(RegisterUser.java:91)\r\n java.base/jdk.internal.reflect.DirectMethodHandleAccessor.invoke(DirectMethodHandleAccessor.java:103)\r\n java.base/java.lang.reflect.Method.invoke(Method.java:580)\r\n org.testng.internal.invokers.MethodInvocationHelper.invokeMethod(MethodInvocationHelper.java:139)\r\n org.testng.internal.invokers.TestInvoker.invokeMethod(TestInvoker.java:664)\r\n org.testng.internal.invokers.TestInvoker.invokeTestMethod(TestInvoker.java:228)\r\n org.testng.internal.invokers.MethodRunner.runInSequence(MethodRunner.java:63)\r\n org.testng.internal.invokers.TestInvoker$MethodInvocationAgent.invoke(TestInvoker.java:961)\r\n org.testng.internal.invokers.TestInvoker.invokeTestMethods(TestInvoker.java:201)\r\n org.testng.internal.invokers.TestMethodWorker.invokeTestMethods(TestMethodWorker.java:148)\r\n org.testng.internal.invokers.TestMethodWorker.run(TestMethodWorker.java:128)\r\n java.base/java.util.ArrayList.forEach(ArrayList.java:1597)\r\n org.testng.TestRunner.privateRun(TestRunner.java:819)\r\n org.testng.TestRunner.run(TestRunner.java:619)\r\n org.testng.SuiteRunner.runTest(SuiteRunner.java:443)\r\n org.testng.SuiteRunner.runSequentially(SuiteRunner.java:437)\r\n org.testng.SuiteRunner.privateRun(SuiteRunner.java:397)\r\n org.testng.SuiteRunner.run(SuiteRunner.java:336)\r\n org.testng.SuiteRunnerWorker.runSuite(SuiteRunnerWorker.java:52)\r\n org.testng.SuiteRunnerWorker.run(SuiteRunnerWorker.java:95)\r\n org.testng.TestNG.runSuitesSequentially(TestNG.java:1301)\r\n org.testng.TestNG.runSuitesLocally(TestNG.java:1228)\r\n org.testng.TestNG.runSuites(TestNG.java:1134)\r\n org.testng.TestNG.run(TestNG.java:1101)\r\n com.intellij.rt.testng.IDEARemoteTestNG.run(IDEARemoteTestNG.java:65)\r\n com.intellij.rt.testng.RemoteTestNGStarter.main(RemoteTestNGStarter.java:105)\r\n\r\nCaused by: org.openqa.selenium.NoSuchElementException: no such element: Unable to locate element: {\"method\":\"css selector\",\"selector\":\"a[href='/delete_account']\"}\n  (Session info: chrome=123.0.6312.86)\nFor documentation on this error, please visit: https://www.selenium.dev/documentation/webdriver/troubleshooting/errors#no-such-element-exception\nBuild info: version: '4.18.1', revision: 'b1d3319b48'\nSystem info: os.name: 'Windows 10', os.arch: 'amd64', os.version: '10.0', java.version: '22'\nDriver info: org.openqa.selenium.chrome.ChromeDriver\nCommand: [30b9ebb3c090ea74cc5c30a4c14f64d9, findElement {using=css selector, value=a[href='/delete_account']}]\nCapabilities {acceptInsecureCerts: true, browserName: chrome, browserVersion: 123.0.6312.86, chrome: {chromedriverVersion: 123.0.6312.86 (9b72c47a0536..., userDataDir: C:\\Users\\ELSHEAKH\\AppData\\L...}, fedcm:accounts: true, goog:chromeOptions: {debuggerAddress: localhost:53836}, networkConnectionEnabled: false, pageLoadStrategy: normal, platformName: windows, proxy: Proxy(), se:cdp: ws://localhost:53836/devtoo..., se:cdpVersion: 123.0.6312.86, setWindowRect: true, strictFileInteractability: false, timeouts: {implicit: 0, pageLoad: 60000, script: 60000}, unhandledPromptBehavior: ignore, webSocketUrl: ws://localhost:34659/sessio..., webauthn:extension:credBlob: true, webauthn:extension:largeBlob: true, webauthn:extension:minPinLength: true, webauthn:extension:prf: true, webauthn:virtualAuthenticators: true}\nSession ID: 30b9ebb3c090ea74cc5c30a4c14f64d9\r\n java.base/jdk.internal.reflect.DirectConstructorHandleAccessor.newInstance(DirectConstructorHandleAccessor.java:62)\r\n java.base/java.lang.reflect.Constructor.newInstanceWithCaller(Constructor.java:502)\r\n java.base/java.lang.reflect.Constructor.newInstance(Constructor.java:486)\r\n org.openqa.selenium.remote.ErrorCodec.decode(ErrorCodec.java:167)\r\n org.openqa.selenium.remote.codec.w3c.W3CHttpResponseCodec.decode(W3CHttpResponseCodec.java:138)\r\n org.openqa.selenium.remote.codec.w3c.W3CHttpResponseCodec.decode(W3CHttpResponseCodec.java:50)\r\n org.openqa.selenium.remote.HttpCommandExecutor.execute(HttpCommandExecutor.java:190)\r\n org.openqa.selenium.remote.service.DriverCommandExecutor.invokeExecute(DriverCommandExecutor.java:216)\r\n org.openqa.selenium.remote.service.DriverCommandExecutor.execute(DriverCommandExecutor.java:174)\r\n org.openqa.selenium.remote.RemoteWebDriver.execute(RemoteWebDriver.java:519)\r\n org.openqa.selenium.remote.ElementLocation$ElementFinder$2.findElement(ElementLocation.java:165)\r\n org.openqa.selenium.remote.ElementLocation.findElement(ElementLocation.java:59)\r\n org.openqa.selenium.remote.RemoteWebDriver.findElement(RemoteWebDriver.java:356)\r\n org.openqa.selenium.remote.RemoteWebDriver.findElement(RemoteWebDriver.java:350)\r\n com.shaft.gui.element.internal.ElementActionsHelper.lambda$waitForElementPresence$6(ElementActionsHelper.java:149)\r\n org.openqa.selenium.support.ui.FluentWait.until(FluentWait.java:203)\r\n com.shaft.gui.element.internal.ElementActionsHelper.waitForElementPresence(ElementActionsHelper.java:130)\r\n com.shaft.gui.element.internal.ElementActionsHelper.getMatchingElementsInformation(ElementActionsHelper.java:903)\r\n com.shaft.gui.element.internal.ElementActionsHelper.identifyUniqueElement(ElementActionsHelper.java:866)\r\n com.shaft.gui.element.internal.ElementActionsHelper.performActionAgainstUniqueElementIgnoringVisibility(ElementActionsHelper.java:854)\r\n com.shaft.gui.element.ElementActions.click(ElementActions.java:128)\r\n com.ecommerce.utils.GoogleAlert.dismissAlert(GoogleAlert.java:19)\r\n TestPackage.RegisterUser.test(RegisterUser.java:91)\r\n java.base/jdk.internal.reflect.DirectMethodHandleAccessor.invoke(DirectMethodHandleAccessor.java:103)\r\n java.base/java.lang.reflect.Method.invoke(Method.java:580)\r\n org.testng.internal.invokers.MethodInvocationHelper.invokeMethod(MethodInvocationHelper.java:139)\r\n org.testng.internal.invokers.TestInvoker.invokeMethod(TestInvoker.java:664)\r\n org.testng.internal.invokers.TestInvoker.invokeTestMethod(TestInvoker.java:228)\r\n org.testng.internal.invokers.MethodRunner.runInSequence(MethodRunner.java:63)\r\n org.testng.internal.invokers.TestInvoker$MethodInvocationAgent.invoke(TestInvoker.java:961)\r\n org.testng.internal.invokers.TestInvoker.invokeTestMethods(TestInvoker.java:201)\r\n org.testng.internal.invokers.TestMethodWorker.invokeTestMethods(TestMethodWorker.java:148)\r\n org.testng.internal.invokers.TestMethodWorker.run(TestMethodWorker.java:128)\r\n java.base/java.util.ArrayList.forEach(ArrayList.java:1597)\r\n org.testng.TestRunner.privateRun(TestRunner.java:819)\r\n org.testng.TestRunner.run(TestRunner.java:619)\r\n org.testng.SuiteRunner.runTest(SuiteRunner.java:443)\r\n org.testng.SuiteRunner.runSequentially(SuiteRunner.java:437)\r\n org.testng.SuiteRunner.privateRun(SuiteRunner.java:397)\r\n org.testng.SuiteRunner.run(SuiteRunner.java:336)\r\n org.testng.SuiteRunnerWorker.runSuite(SuiteRunnerWorker.java:52)\r\n org.testng.SuiteRunnerWorker.run(SuiteRunnerWorker.java:95)\r\n org.testng.TestNG.runSuitesSequentially(TestNG.java:1301)\r\n org.testng.TestNG.runSuitesLocally(TestNG.java:1228)\r\n org.testng.TestNG.runSuites(TestNG.java:1134)\r\n org.testng.TestNG.run(TestNG.java:1101)\r\n com.intellij.rt.testng.IDEARemoteTestNG.run(IDEARemoteTestNG.java:65)\r\n com.intellij.rt.testng.RemoteTestNGStarter.main(RemoteTestNGStarter.java:105)"},"stage":"finished","steps":[],"attachments":[{"name":"Screenshot - Click_failed_1711862952509","source":"8fa84fbd-529c-4e0b-9a43-31c1e96e3e8c-attachment.png","type":"image/png"},{"name":"Element Action Exception - Click - Stacktrace","source":"9e263b8f-462e-4e0c-b6f1-179a0c83cb90-attachment"}],"parameters":[{"name":"logText","value":"Failed to Click \"By.cssSelector: a[href='/delete_account']\". Root cause: \"org.openqa.selenium.NoSuchElementException: no such element: Unable to locate element: {\"method\":\"css selector\",\"selector\":\"a[href='/delete_account']\"}\""},{"name":"attachments","value":"[[Screenshot, Click_failed_1711862952509, java.io.ByteArrayInputStream@72416c9a], [Element Action Exception - Click, Stacktrace, java.lang.AssertionError: Failed to identify unique element using this locator \"By.cssSelector: a[href='/delete_account']\" Root cause: \"org.openqa.selenium.NoSuchElementException: no such element: Unable to locate element: {\"method\":\"css selector\",\"selector\":\"a[href='/delete_account']\"}\"\r\n org.testng.Assert.fail(Assert.java:99)\r\n com.shaft.tools.io.internal.FailureReporter.fail(FailureReporter.java:38)\r\n com.shaft.gui.element.internal.ElementActionsHelper.identifyUniqueElement(ElementActionsHelper.java:873)\r\n com.shaft.gui.element.internal.ElementActionsHelper.performActionAgainstUniqueElementIgnoringVisibility(ElementActionsHelper.java:854)\r\n com.shaft.gui.element.ElementActions.click(ElementActions.java:128)\r\n com.ecommerce.utils.GoogleAlert.dismissAlert(GoogleAlert.java:19)\r\n TestPackage.RegisterUser.test(RegisterUser.java:91)\r\n java.base/jdk.internal.reflect.DirectMethodHandleAccessor.invoke(DirectMethodHandleAccessor.java:103)\r\n java.base/java.lang.reflect.Method.invoke(Method.java:580)\r\n org.testng.internal.invokers.MethodInvocationHelper.invokeMethod(MethodInvocationHelper.java:139)\r\n org.testng.internal.invokers.TestInvoker.invokeMethod(TestInvoker.java:664)\r\n org.testng.internal.invokers.TestInvoker.invokeTestMethod(TestInvoker.java:228)\r\n org.testng.internal.invokers.MethodRunner.runInSequence(MethodRunner.java:63)\r\n org.testng.internal.invokers.TestInvoker$MethodInvocationAgent.invoke(TestInvoker.java:961)\r\n org.testng.internal.invokers.TestInvoker.invokeTestMethods(TestInvoker.java:201)\r\n org.testng.internal.invokers.TestMethodWorker.invokeTestMethods(TestMethodWorker.java:148)\r\n org.testng.internal.invokers.TestMethodWorker.run(TestMethodWorker.java:128)\r\n java.base/java.util.ArrayList.forEach(ArrayList.java:1597)\r\n org.testng.TestRunner.privateRun(TestRunner.java:819)\r\n org.testng.TestRunner.run(TestRunner.java:619)\r\n org.testng.SuiteRunner.runTest(SuiteRunner.java:443)\r\n org.testng.SuiteRunner.runSequentially(SuiteRunner.java:437)\r\n org.testng.SuiteRunner.privateRun(SuiteRunner.java:397)\r\n org.testng.SuiteRunner.run(SuiteRunner.java:336)\r\n org.testng.SuiteRunnerWorker.runSuite(SuiteRunnerWorker.java:52)\r\n org.testng.SuiteRunnerWorker.run(SuiteRunnerWorker.java:95)\r\n org.testng.TestNG.runSuitesSequentially(TestNG.java:1301)\r\n org.testng.TestNG.runSuitesLocally(TestNG.java:1228)\r\n org.testng.TestNG.runSuites(TestNG.java:1134)\r\n org.testng.TestNG.run(TestNG.java:1101)\r\n com.intellij.rt.testng.IDEARemoteTestNG.run(IDEARemoteTestNG.java:65)\r\n com.intellij.rt.testng.RemoteTestNGStarter.main(RemoteTestNGStarter.java:105)\r\n\r\nCaused by: org.openqa.selenium.TimeoutException: Expected condition failed: waiting for com.shaft.gui.element.internal.ElementActionsHelper$$Lambda/0x000001dfcd72e430@3de64145 (tried for 60 second(s) with 100 milliseconds interval)\r\n org.openqa.selenium.support.ui.FluentWait.timeoutException(FluentWait.java:265)\r\n org.openqa.selenium.support.ui.FluentWait.until(FluentWait.java:228)\r\n com.shaft.gui.element.internal.ElementActionsHelper.waitForElementPresence(ElementActionsHelper.java:130)\r\n com.shaft.gui.element.internal.ElementActionsHelper.getMatchingElementsInformation(ElementActionsHelper.java:903)\r\n com.shaft.gui.element.internal.ElementActionsHelper.identifyUniqueElement(ElementActionsHelper.java:866)\r\n com.shaft.gui.element.internal.ElementActionsHelper.performActionAgainstUniqueElementIgnoringVisibility(ElementActionsHelper.java:854)\r\n com.shaft.gui.element.ElementActions.click(ElementActions.java:128)\r\n com.ecommerce.utils.GoogleAlert.dismissAlert(GoogleAlert.java:19)\r\n TestPackage.RegisterUser.test(RegisterUser.java:91)\r\n java.base/jdk.internal.reflect.DirectMethodHandleAccessor.invoke(DirectMethodHandleAccessor.java:103)\r\n java.base/java.lang.reflect.Method.invoke(Method.java:580)\r\n org.testng.internal.invokers.MethodInvocationHelper.invokeMethod(MethodInvocationHelper.java:139)\r\n org.testng.internal.invokers.TestInvoker.invokeMethod(TestInvoker.java:664)\r\n org.testng.internal.invokers.TestInvoker.invokeTestMethod(TestInvoker.java:228)\r\n org.testng.internal.invokers.MethodRunner.runInSequence(MethodRunner.java:63)\r\n org.testng.internal.invokers.TestInvoker$MethodInvocationAgent.invoke(TestInvoker.java:961)\r\n org.testng.internal.invokers.TestInvoker.invokeTestMethods(TestInvoker.java:201)\r\n org.testng.internal.invokers.TestMethodWorker.invokeTestMethods(TestMethodWorker.java:148)\r\n org.testng.internal.invokers.TestMethodWorker.run(TestMethodWorker.java:128)\r\n java.base/java.util.ArrayList.forEach(ArrayList.java:1597)\r\n org.testng.TestRunner.privateRun(TestRunner.java:819)\r\n org.testng.TestRunner.run(TestRunner.java:619)\r\n org.testng.SuiteRunner.runTest(SuiteRunner.java:443)\r\n org.testng.SuiteRunner.runSequentially(SuiteRunner.java:437)\r\n org.testng.SuiteRunner.privateRun(SuiteRunner.java:397)\r\n org.testng.SuiteRunner.run(SuiteRunner.java:336)\r\n org.testng.SuiteRunnerWorker.runSuite(SuiteRunnerWorker.java:52)\r\n org.testng.SuiteRunnerWorker.run(SuiteRunnerWorker.java:95)\r\n org.testng.TestNG.runSuitesSequentially(TestNG.java:1301)\r\n org.testng.TestNG.runSuitesLocally(TestNG.java:1228)\r\n org.testng.TestNG.runSuites(TestNG.java:1134)\r\n org.testng.TestNG.run(TestNG.java:1101)\r\n com.intellij.rt.testng.IDEARemoteTestNG.run(IDEARemoteTestNG.java:65)\r\n com.intellij.rt.testng.RemoteTestNGStarter.main(RemoteTestNGStarter.java:105)\r\n\r\nCaused by: org.openqa.selenium.NoSuchElementException: no such element: Unable to locate element: {\"method\":\"css selector\",\"selector\":\"a[href='/delete_account']\"}\n  (Session info: chrome=123.0.6312.86)\nFor documentation on this error, please visit: https://www.selenium.dev/documentation/webdriver/troubleshooting/errors#no-such-element-exception\nBuild info: version: '4.18.1', revision: 'b1d3319b48'\nSystem info: os.name: 'Windows 10', os.arch: 'amd64', os.version: '10.0', java.version: '22'\nDriver info: org.openqa.selenium.chrome.ChromeDriver\nCommand: [30b9ebb3c090ea74cc5c30a4c14f64d9, findElement {using=css selector, value=a[href='/delete_account']}]\nCapabilities {acceptInsecureCerts: true, browserName: chrome, browserVersion: 123.0.6312.86, chrome: {chromedriverVersion: 123.0.6312.86 (9b72c47a0536..., userDataDir: C:\\Users\\ELSHEAKH\\AppData\\L...}, fedcm:accounts: true, goog:chromeOptions: {debuggerAddress: localhost:53836}, networkConnectionEnabled: false, pageLoadStrategy: normal, platformName: windows, proxy: Proxy(), se:cdp: ws://localhost:53836/devtoo..., se:cdpVersion: 123.0.6312.86, setWindowRect: true, strictFileInteractability: false, timeouts: {implicit: 0, pageLoad: 60000, script: 60000}, unhandledPromptBehavior: ignore, webSocketUrl: ws://localhost:34659/sessio..., webauthn:extension:credBlob: true, webauthn:extension:largeBlob: true, webauthn:extension:minPinLength: true, webauthn:extension:prf: true, webauthn:virtualAuthenticators: true}\nSession ID: 30b9ebb3c090ea74cc5c30a4c14f64d9\r\n java.base/jdk.internal.reflect.DirectConstructorHandleAccessor.newInstance(DirectConstructorHandleAccessor.java:62)\r\n java.base/java.lang.reflect.Constructor.newInstanceWithCaller(Constructor.java:502)\r\n java.base/java.lang.reflect.Constructor.newInstance(Constructor.java:486)\r\n org.openqa.selenium.remote.ErrorCodec.decode(ErrorCodec.java:167)\r\n org.openqa.selenium.remote.codec.w3c.W3CHttpResponseCodec.decode(W3CHttpResponseCodec.java:138)\r\n org.openqa.selenium.remote.codec.w3c.W3CHttpResponseCodec.decode(W3CHttpResponseCodec.java:50)\r\n org.openqa.selenium.remote.HttpCommandExecutor.execute(HttpCommandExecutor.java:190)\r\n org.openqa.selenium.remote.service.DriverCommandExecutor.invokeExecute(DriverCommandExecutor.java:216)\r\n org.openqa.selenium.remote.service.DriverCommandExecutor.execute(DriverCommandExecutor.java:174)\r\n org.openqa.selenium.remote.RemoteWebDriver.execute(RemoteWebDriver.java:519)\r\n org.openqa.selenium.remote.ElementLocation$ElementFinder$2.findElement(ElementLocation.java:165)\r\n org.openqa.selenium.remote.ElementLocation.findElement(ElementLocation.java:59)\r\n org.openqa.selenium.remote.RemoteWebDriver.findElement(RemoteWebDriver.java:356)\r\n org.openqa.selenium.remote.RemoteWebDriver.findElement(RemoteWebDriver.java:350)\r\n com.shaft.gui.element.internal.ElementActionsHelper.lambda$waitForElementPresence$6(ElementActionsHelper.java:149)\r\n org.openqa.selenium.support.ui.FluentWait.until(FluentWait.java:203)\r\n com.shaft.gui.element.internal.ElementActionsHelper.waitForElementPresence(ElementActionsHelper.java:130)\r\n com.shaft.gui.element.internal.ElementActionsHelper.getMatchingElementsInformation(ElementActionsHelper.java:903)\r\n com.shaft.gui.element.internal.ElementActionsHelper.identifyUniqueElement(ElementActionsHelper.java:866)\r\n com.shaft.gui.element.internal.ElementActionsHelper.performActionAgainstUniqueElementIgnoringVisibility(ElementActionsHelper.java:854)\r\n com.shaft.gui.element.ElementActions.click(ElementActions.java:128)\r\n com.ecommerce.utils.GoogleAlert.dismissAlert(GoogleAlert.java:19)\r\n TestPackage.RegisterUser.test(RegisterUser.java:91)\r\n java.base/jdk.internal.reflect.DirectMethodHandleAccessor.invoke(DirectMethodHandleAccessor.java:103)\r\n java.base/java.lang.reflect.Method.invoke(Method.java:580)\r\n org.testng.internal.invokers.MethodInvocationHelper.invokeMethod(MethodInvocationHelper.java:139)\r\n org.testng.internal.invokers.TestInvoker.invokeMethod(TestInvoker.java:664)\r\n org.testng.internal.invokers.TestInvoker.invokeTestMethod(TestInvoker.java:228)\r\n org.testng.internal.invokers.MethodRunner.runInSequence(MethodRunner.java:63)\r\n org.testng.internal.invokers.TestInvoker$MethodInvocationAgent.invoke(TestInvoker.java:961)\r\n org.testng.internal.invokers.TestInvoker.invokeTestMethods(TestInvoker.java:201)\r\n org.testng.internal.invokers.TestMethodWorker.invokeTestMethods(TestMethodWorker.java:148)\r\n org.testng.internal.invokers.TestMethodWorker.run(TestMethodWorker.java:128)\r\n java.base/java.util.ArrayList.forEach(ArrayList.java:1597)\r\n org.testng.TestRunner.privateRun(TestRunner.java:819)\r\n org.testng.TestRunner.run(TestRunner.java:619)\r\n org.testng.SuiteRunner.runTest(SuiteRunner.java:443)\r\n org.testng.SuiteRunner.runSequentially(SuiteRunner.java:437)\r\n org.testng.SuiteRunner.privateRun(SuiteRunner.java:397)\r\n org.testng.SuiteRunner.run(SuiteRunner.java:336)\r\n org.testng.SuiteRunnerWorker.runSuite(SuiteRunnerWorker.java:52)\r\n org.testng.SuiteRunnerWorker.run(SuiteRunnerWorker.java:95)\r\n org.testng.TestNG.runSuitesSequentially(TestNG.java:1301)\r\n org.testng.TestNG.runSuitesLocally(TestNG.java:1228)\r\n org.testng.TestNG.runSuites(TestNG.java:1134)\r\n org.testng.TestNG.run(TestNG.java:1101)\r\n com.intellij.rt.testng.IDEARemoteTestNG.run(IDEARemoteTestNG.java:65)\r\n com.intellij.rt.testng.RemoteTestNGStarter.main(RemoteTestNGStarter.java:105)\r\n]]"},{"name":"status","value":"FAIL"}],"start":1711862952617,"stop":1711862952621},{"name":" Verify that the element located by \"By.cssSelector: h2[data-qa='account-deleted'] > b\" text equals \"ACCOUNT DELETED!\", ignoring case sensitivity.","status":"failed","statusDetails":{"known":false,"muted":false,"flaky":false,"message":"Failed to Get text from \"By.cssSelector: h2[data-qa='account-deleted'] > b\". Root cause: \"org.openqa.selenium.NoSuchElementException: no such element: Unable to locate element: {\"method\":\"css selector\",\"selector\":\"h2[data-qa='account-deleted'] > b\"}\"","trace":"java.lang.AssertionError: Failed to Get text from \"By.cssSelector: h2[data-qa='account-deleted'] > b\". Root cause: \"org.openqa.selenium.NoSuchElementException: no such element: Unable to locate element: {\"method\":\"css selector\",\"selector\":\"h2[data-qa='account-deleted'] > b\"}\"\r\n\tat org.testng.Assert.fail(Assert.java:99)\r\n\tat com.shaft.gui.element.internal.ElementActionsHelper.failAction(ElementActionsHelper.java:1011)\r\n\tat com.shaft.gui.element.internal.ElementActionsHelper.failAction(ElementActionsHelper.java:956)\r\n\tat com.shaft.gui.element.ElementActions.getText(ElementActions.java:470)\r\n\tat com.shaft.validation.internal.ValidationsHelper2.validateElementAttribute(ValidationsHelper2.java:36)\r\n\tat com.shaft.validation.internal.ValidationsExecutor.performValidation(ValidationsExecutor.java:168)\r\n\tat com.shaft.validation.internal.ValidationsExecutor.internalPerform(ValidationsExecutor.java:150)\r\n\tat com.shaft.validation.internal.NativeValidationsBuilder.equalsIgnoringCaseSensitivity(NativeValidationsBuilder.java:192)\r\n\tat TestPackage.RegisterUser.test(RegisterUser.java:95)\r\n\tat java.base/jdk.internal.reflect.DirectMethodHandleAccessor.invoke(DirectMethodHandleAccessor.java:103)\r\n\tat java.base/java.lang.reflect.Method.invoke(Method.java:580)\r\n\tat org.testng.internal.invokers.MethodInvocationHelper.invokeMethod(MethodInvocationHelper.java:139)\r\n\tat org.testng.internal.invokers.TestInvoker.invokeMethod(TestInvoker.java:664)\r\n\tat org.testng.internal.invokers.TestInvoker.invokeTestMethod(TestInvoker.java:228)\r\n\tat org.testng.internal.invokers.MethodRunner.runInSequence(MethodRunner.java:63)\r\n\tat org.testng.internal.invokers.TestInvoker$MethodInvocationAgent.invoke(TestInvoker.java:961)\r\n\tat org.testng.internal.invokers.TestInvoker.invokeTestMethods(TestInvoker.java:201)\r\n\tat org.testng.internal.invokers.TestMethodWorker.invokeTestMethods(TestMethodWorker.java:148)\r\n\tat org.testng.internal.invokers.TestMethodWorker.run(TestMethodWorker.java:128)\r\n\tat java.base/java.util.ArrayList.forEach(ArrayList.java:1597)\r\n\tat org.testng.TestRunner.privateRun(TestRunner.java:819)\r\n\tat org.testng.TestRunner.run(TestRunner.java:619)\r\n\tat org.testng.SuiteRunner.runTest(SuiteRunner.java:443)\r\n\tat org.testng.SuiteRunner.runSequentially(SuiteRunner.java:437)\r\n\tat org.testng.SuiteRunner.privateRun(SuiteRunner.java:397)\r\n\tat org.testng.SuiteRunner.run(SuiteRunner.java:336)\r\n\tat org.testng.SuiteRunnerWorker.runSuite(SuiteRunnerWorker.java:52)\r\n\tat org.testng.SuiteRunnerWorker.run(SuiteRunnerWorker.java:95)\r\n\tat org.testng.TestNG.runSuitesSequentially(TestNG.java:1301)\r\n\tat org.testng.TestNG.runSuitesLocally(TestNG.java:1228)\r\n\tat org.testng.TestNG.runSuites(TestNG.java:1134)\r\n\tat org.testng.TestNG.run(TestNG.java:1101)\r\n\tat com.intellij.rt.testng.IDEARemoteTestNG.run(IDEARemoteTestNG.java:65)\r\n\tat com.intellij.rt.testng.RemoteTestNGStarter.main(RemoteTestNGStarter.java:105)\r\nCaused by: java.lang.AssertionError: Failed to identify unique element using this locator \"By.cssSelector: h2[data-qa='account-deleted'] > b\" Root cause: \"org.openqa.selenium.NoSuchElementException: no such element: Unable to locate element: {\"method\":\"css selector\",\"selector\":\"h2[data-qa='account-deleted'] > b\"}\"\r\n\tat org.testng.Assert.fail(Assert.java:99)\r\n\tat com.shaft.tools.io.internal.FailureReporter.fail(FailureReporter.java:38)\r\n\tat com.shaft.gui.element.internal.ElementActionsHelper.identifyUniqueElement(ElementActionsHelper.java:873)\r\n\tat com.shaft.gui.element.internal.ElementActionsHelper.identifyUniqueElementIgnoringVisibility(ElementActionsHelper.java:862)\r\n\tat com.shaft.gui.element.ElementActions.getText(ElementActions.java:441)\r\n\t... 30 more\r\nCaused by: org.openqa.selenium.TimeoutException: Expected condition failed: waiting for com.shaft.gui.element.internal.ElementActionsHelper$$Lambda/0x000001dfcd72e430@1f018baf (tried for 60 second(s) with 100 milliseconds interval)\r\n\tat org.openqa.selenium.support.ui.FluentWait.timeoutException(FluentWait.java:265)\r\n\tat org.openqa.selenium.support.ui.FluentWait.until(FluentWait.java:228)\r\n\tat com.shaft.gui.element.internal.ElementActionsHelper.waitForElementPresence(ElementActionsHelper.java:130)\r\n\tat com.shaft.gui.element.internal.ElementActionsHelper.getMatchingElementsInformation(ElementActionsHelper.java:903)\r\n\tat com.shaft.gui.element.internal.ElementActionsHelper.identifyUniqueElement(ElementActionsHelper.java:866)\r\n\t... 32 more\r\nCaused by: org.openqa.selenium.NoSuchElementException: no such element: Unable to locate element: {\"method\":\"css selector\",\"selector\":\"h2[data-qa='account-deleted'] > b\"}\n  (Session info: chrome=123.0.6312.86)\nFor documentation on this error, please visit: https://www.selenium.dev/documentation/webdriver/troubleshooting/errors#no-such-element-exception\nBuild info: version: '4.18.1', revision: 'b1d3319b48'\nSystem info: os.name: 'Windows 10', os.arch: 'amd64', os.version: '10.0', java.version: '22'\nDriver info: org.openqa.selenium.chrome.ChromeDriver\nCommand: [30b9ebb3c090ea74cc5c30a4c14f64d9, findElement {using=css selector, value=h2[data-qa='account-deleted'] > b}]\nCapabilities {acceptInsecureCerts: true, browserName: chrome, browserVersion: 123.0.6312.86, chrome: {chromedriverVersion: 123.0.6312.86 (9b72c47a0536..., userDataDir: C:\\Users\\ELSHEAKH\\AppData\\L...}, fedcm:accounts: true, goog:chromeOptions: {debuggerAddress: localhost:53836}, networkConnectionEnabled: false, pageLoadStrategy: normal, platformName: windows, proxy: Proxy(), se:cdp: ws://localhost:53836/devtoo..., se:cdpVersion: 123.0.6312.86, setWindowRect: true, strictFileInteractability: false, timeouts: {implicit: 0, pageLoad: 60000, script: 60000}, unhandledPromptBehavior: ignore, webSocketUrl: ws://localhost:34659/sessio..., webauthn:extension:credBlob: true, webauthn:extension:largeBlob: true, webauthn:extension:minPinLength: true, webauthn:extension:prf: true, webauthn:virtualAuthenticators: true}\nSession ID: 30b9ebb3c090ea74cc5c30a4c14f64d9\r\n\tat java.base/jdk.internal.reflect.DirectConstructorHandleAccessor.newInstance(DirectConstructorHandleAccessor.java:62)\r\n\tat java.base/java.lang.reflect.Constructor.newInstanceWithCaller(Constructor.java:502)\r\n\tat java.base/java.lang.reflect.Constructor.newInstance(Constructor.java:486)\r\n\tat org.openqa.selenium.remote.ErrorCodec.decode(ErrorCodec.java:167)\r\n\tat org.openqa.selenium.remote.codec.w3c.W3CHttpResponseCodec.decode(W3CHttpResponseCodec.java:138)\r\n\tat org.openqa.selenium.remote.codec.w3c.W3CHttpResponseCodec.decode(W3CHttpResponseCodec.java:50)\r\n\tat org.openqa.selenium.remote.HttpCommandExecutor.execute(HttpCommandExecutor.java:190)\r\n\tat org.openqa.selenium.remote.service.DriverCommandExecutor.invokeExecute(DriverCommandExecutor.java:216)\r\n\tat org.openqa.selenium.remote.service.DriverCommandExecutor.execute(DriverCommandExecutor.java:174)\r\n\tat org.openqa.selenium.remote.RemoteWebDriver.execute(RemoteWebDriver.java:519)\r\n\tat org.openqa.selenium.remote.ElementLocation$ElementFinder$2.findElement(ElementLocation.java:165)\r\n\tat org.openqa.selenium.remote.ElementLocation.findElement(ElementLocation.java:59)\r\n\tat org.openqa.selenium.remote.RemoteWebDriver.findElement(RemoteWebDriver.java:356)\r\n\tat org.openqa.selenium.remote.RemoteWebDriver.findElement(RemoteWebDriver.java:350)\r\n\tat com.shaft.gui.element.internal.ElementActionsHelper.lambda$waitForElementPresence$6(ElementActionsHelper.java:149)\r\n\tat org.openqa.selenium.support.ui.FluentWait.until(FluentWait.java:203)\r\n\t... 35 more\r\n"},"stage":"finished","steps":[{"name":"Failed to Get text from \"By.cssSelector: h2[data-qa='account-deleted'] > b\". Root cause: \"org.openqa.selenium.NoSuchElementException: no such element: Unable to locate element: {\"method\":\"css selector\",\"selector\":\"h2[data-qa='account-deleted'] > b\"}\"","status":"passed","statusDetails":{"known":false,"muted":false,"flaky":false,"trace":"java.io.ByteArrayInputStream@42a327e\r\njava.lang.AssertionError: Failed to identify unique element using this locator \"By.cssSelector: h2[data-qa='account-deleted'] > b\" Root cause: \"org.openqa.selenium.NoSuchElementException: no such element: Unable to locate element: {\"method\":\"css selector\",\"selector\":\"h2[data-qa='account-deleted'] > b\"}\"\r\n org.testng.Assert.fail(Assert.java:99)\r\n com.shaft.tools.io.internal.FailureReporter.fail(FailureReporter.java:38)\r\n com.shaft.gui.element.internal.ElementActionsHelper.identifyUniqueElement(ElementActionsHelper.java:873)\r\n com.shaft.gui.element.internal.ElementActionsHelper.identifyUniqueElementIgnoringVisibility(ElementActionsHelper.java:862)\r\n com.shaft.gui.element.ElementActions.getText(ElementActions.java:441)\r\n com.shaft.validation.internal.ValidationsHelper2.validateElementAttribute(ValidationsHelper2.java:36)\r\n com.shaft.validation.internal.ValidationsExecutor.performValidation(ValidationsExecutor.java:168)\r\n com.shaft.validation.internal.ValidationsExecutor.internalPerform(ValidationsExecutor.java:150)\r\n com.shaft.validation.internal.NativeValidationsBuilder.equalsIgnoringCaseSensitivity(NativeValidationsBuilder.java:192)\r\n TestPackage.RegisterUser.test(RegisterUser.java:95)\r\n java.base/jdk.internal.reflect.DirectMethodHandleAccessor.invoke(DirectMethodHandleAccessor.java:103)\r\n java.base/java.lang.reflect.Method.invoke(Method.java:580)\r\n org.testng.internal.invokers.MethodInvocationHelper.invokeMethod(MethodInvocationHelper.java:139)\r\n org.testng.internal.invokers.TestInvoker.invokeMethod(TestInvoker.java:664)\r\n org.testng.internal.invokers.TestInvoker.invokeTestMethod(TestInvoker.java:228)\r\n org.testng.internal.invokers.MethodRunner.runInSequence(MethodRunner.java:63)\r\n org.testng.internal.invokers.TestInvoker$MethodInvocationAgent.invoke(TestInvoker.java:961)\r\n org.testng.internal.invokers.TestInvoker.invokeTestMethods(TestInvoker.java:201)\r\n org.testng.internal.invokers.TestMethodWorker.invokeTestMethods(TestMethodWorker.java:148)\r\n org.testng.internal.invokers.TestMethodWorker.run(TestMethodWorker.java:128)\r\n java.base/java.util.ArrayList.forEach(ArrayList.java:1597)\r\n org.testng.TestRunner.privateRun(TestRunner.java:819)\r\n org.testng.TestRunner.run(TestRunner.java:619)\r\n org.testng.SuiteRunner.runTest(SuiteRunner.java:443)\r\n org.testng.SuiteRunner.runSequentially(SuiteRunner.java:437)\r\n org.testng.SuiteRunner.privateRun(SuiteRunner.java:397)\r\n org.testng.SuiteRunner.run(SuiteRunner.java:336)\r\n org.testng.SuiteRunnerWorker.runSuite(SuiteRunnerWorker.java:52)\r\n org.testng.SuiteRunnerWorker.run(SuiteRunnerWorker.java:95)\r\n org.testng.TestNG.runSuitesSequentially(TestNG.java:1301)\r\n org.testng.TestNG.runSuitesLocally(TestNG.java:1228)\r\n org.testng.TestNG.runSuites(TestNG.java:1134)\r\n org.testng.TestNG.run(TestNG.java:1101)\r\n com.intellij.rt.testng.IDEARemoteTestNG.run(IDEARemoteTestNG.java:65)\r\n com.intellij.rt.testng.RemoteTestNGStarter.main(RemoteTestNGStarter.java:105)\r\n\r\nCaused by: org.openqa.selenium.TimeoutException: Expected condition failed: waiting for com.shaft.gui.element.internal.ElementActionsHelper$$Lambda/0x000001dfcd72e430@1f018baf (tried for 60 second(s) with 100 milliseconds interval)\r\n org.openqa.selenium.support.ui.FluentWait.timeoutException(FluentWait.java:265)\r\n org.openqa.selenium.support.ui.FluentWait.until(FluentWait.java:228)\r\n com.shaft.gui.element.internal.ElementActionsHelper.waitForElementPresence(ElementActionsHelper.java:130)\r\n com.shaft.gui.element.internal.ElementActionsHelper.getMatchingElementsInformation(ElementActionsHelper.java:903)\r\n com.shaft.gui.element.internal.ElementActionsHelper.identifyUniqueElement(ElementActionsHelper.java:866)\r\n com.shaft.gui.element.internal.ElementActionsHelper.identifyUniqueElementIgnoringVisibility(ElementActionsHelper.java:862)\r\n com.shaft.gui.element.ElementActions.getText(ElementActions.java:441)\r\n com.shaft.validation.internal.ValidationsHelper2.validateElementAttribute(ValidationsHelper2.java:36)\r\n com.shaft.validation.internal.ValidationsExecutor.performValidation(ValidationsExecutor.java:168)\r\n com.shaft.validation.internal.ValidationsExecutor.internalPerform(ValidationsExecutor.java:150)\r\n com.shaft.validation.internal.NativeValidationsBuilder.equalsIgnoringCaseSensitivity(NativeValidationsBuilder.java:192)\r\n TestPackage.RegisterUser.test(RegisterUser.java:95)\r\n java.base/jdk.internal.reflect.DirectMethodHandleAccessor.invoke(DirectMethodHandleAccessor.java:103)\r\n java.base/java.lang.reflect.Method.invoke(Method.java:580)\r\n org.testng.internal.invokers.MethodInvocationHelper.invokeMethod(MethodInvocationHelper.java:139)\r\n org.testng.internal.invokers.TestInvoker.invokeMethod(TestInvoker.java:664)\r\n org.testng.internal.invokers.TestInvoker.invokeTestMethod(TestInvoker.java:228)\r\n org.testng.internal.invokers.MethodRunner.runInSequence(MethodRunner.java:63)\r\n org.testng.internal.invokers.TestInvoker$MethodInvocationAgent.invoke(TestInvoker.java:961)\r\n org.testng.internal.invokers.TestInvoker.invokeTestMethods(TestInvoker.java:201)\r\n org.testng.internal.invokers.TestMethodWorker.invokeTestMethods(TestMethodWorker.java:148)\r\n org.testng.internal.invokers.TestMethodWorker.run(TestMethodWorker.java:128)\r\n java.base/java.util.ArrayList.forEach(ArrayList.java:1597)\r\n org.testng.TestRunner.privateRun(TestRunner.java:819)\r\n org.testng.TestRunner.run(TestRunner.java:619)\r\n org.testng.SuiteRunner.runTest(SuiteRunner.java:443)\r\n org.testng.SuiteRunner.runSequentially(SuiteRunner.java:437)\r\n org.testng.SuiteRunner.privateRun(SuiteRunner.java:397)\r\n org.testng.SuiteRunner.run(SuiteRunner.java:336)\r\n org.testng.SuiteRunnerWorker.runSuite(SuiteRunnerWorker.java:52)\r\n org.testng.SuiteRunnerWorker.run(SuiteRunnerWorker.java:95)\r\n org.testng.TestNG.runSuitesSequentially(TestNG.java:1301)\r\n org.testng.TestNG.runSuitesLocally(TestNG.java:1228)\r\n org.testng.TestNG.runSuites(TestNG.java:1134)\r\n org.testng.TestNG.run(TestNG.java:1101)\r\n com.intellij.rt.testng.IDEARemoteTestNG.run(IDEARemoteTestNG.java:65)\r\n com.intellij.rt.testng.RemoteTestNGStarter.main(RemoteTestNGStarter.java:105)\r\n\r\nCaused by: org.openqa.selenium.NoSuchElementException: no such element: Unable to locate element: {\"method\":\"css selector\",\"selector\":\"h2[data-qa='account-deleted'] > b\"}\n  (Session info: chrome=123.0.6312.86)\nFor documentation on this error, please visit: https://www.selenium.dev/documentation/webdriver/troubleshooting/errors#no-such-element-exception\nBuild info: version: '4.18.1', revision: 'b1d3319b48'\nSystem info: os.name: 'Windows 10', os.arch: 'amd64', os.version: '10.0', java.version: '22'\nDriver info: org.openqa.selenium.chrome.ChromeDriver\nCommand: [30b9ebb3c090ea74cc5c30a4c14f64d9, findElement {using=css selector, value=h2[data-qa='account-deleted'] > b}]\nCapabilities {acceptInsecureCerts: true, browserName: chrome, browserVersion: 123.0.6312.86, chrome: {chromedriverVersion: 123.0.6312.86 (9b72c47a0536..., userDataDir: C:\\Users\\ELSHEAKH\\AppData\\L...}, fedcm:accounts: true, goog:chromeOptions: {debuggerAddress: localhost:53836}, networkConnectionEnabled: false, pageLoadStrategy: normal, platformName: windows, proxy: Proxy(), se:cdp: ws://localhost:53836/devtoo..., se:cdpVersion: 123.0.6312.86, setWindowRect: true, strictFileInteractability: false, timeouts: {implicit: 0, pageLoad: 60000, script: 60000}, unhandledPromptBehavior: ignore, webSocketUrl: ws://localhost:34659/sessio..., webauthn:extension:credBlob: true, webauthn:extension:largeBlob: true, webauthn:extension:minPinLength: true, webauthn:extension:prf: true, webauthn:virtualAuthenticators: true}\nSession ID: 30b9ebb3c090ea74cc5c30a4c14f64d9\r\n java.base/jdk.internal.reflect.DirectConstructorHandleAccessor.newInstance(DirectConstructorHandleAccessor.java:62)\r\n java.base/java.lang.reflect.Constructor.newInstanceWithCaller(Constructor.java:502)\r\n java.base/java.lang.reflect.Constructor.newInstance(Constructor.java:486)\r\n org.openqa.selenium.remote.ErrorCodec.decode(ErrorCodec.java:167)\r\n org.openqa.selenium.remote.codec.w3c.W3CHttpResponseCodec.decode(W3CHttpResponseCodec.java:138)\r\n org.openqa.selenium.remote.codec.w3c.W3CHttpResponseCodec.decode(W3CHttpResponseCodec.java:50)\r\n org.openqa.selenium.remote.HttpCommandExecutor.execute(HttpCommandExecutor.java:190)\r\n org.openqa.selenium.remote.service.DriverCommandExecutor.invokeExecute(DriverCommandExecutor.java:216)\r\n org.openqa.selenium.remote.service.DriverCommandExecutor.execute(DriverCommandExecutor.java:174)\r\n org.openqa.selenium.remote.RemoteWebDriver.execute(RemoteWebDriver.java:519)\r\n org.openqa.selenium.remote.ElementLocation$ElementFinder$2.findElement(ElementLocation.java:165)\r\n org.openqa.selenium.remote.ElementLocation.findElement(ElementLocation.java:59)\r\n org.openqa.selenium.remote.RemoteWebDriver.findElement(RemoteWebDriver.java:356)\r\n org.openqa.selenium.remote.RemoteWebDriver.findElement(RemoteWebDriver.java:350)\r\n com.shaft.gui.element.internal.ElementActionsHelper.lambda$waitForElementPresence$6(ElementActionsHelper.java:149)\r\n org.openqa.selenium.support.ui.FluentWait.until(FluentWait.java:203)\r\n com.shaft.gui.element.internal.ElementActionsHelper.waitForElementPresence(ElementActionsHelper.java:130)\r\n com.shaft.gui.element.internal.ElementActionsHelper.getMatchingElementsInformation(ElementActionsHelper.java:903)\r\n com.shaft.gui.element.internal.ElementActionsHelper.identifyUniqueElement(ElementActionsHelper.java:866)\r\n com.shaft.gui.element.internal.ElementActionsHelper.identifyUniqueElementIgnoringVisibility(ElementActionsHelper.java:862)\r\n com.shaft.gui.element.ElementActions.getText(ElementActions.java:441)\r\n com.shaft.validation.internal.ValidationsHelper2.validateElementAttribute(ValidationsHelper2.java:36)\r\n com.shaft.validation.internal.ValidationsExecutor.performValidation(ValidationsExecutor.java:168)\r\n com.shaft.validation.internal.ValidationsExecutor.internalPerform(ValidationsExecutor.java:150)\r\n com.shaft.validation.internal.NativeValidationsBuilder.equalsIgnoringCaseSensitivity(NativeValidationsBuilder.java:192)\r\n TestPackage.RegisterUser.test(RegisterUser.java:95)\r\n java.base/jdk.internal.reflect.DirectMethodHandleAccessor.invoke(DirectMethodHandleAccessor.java:103)\r\n java.base/java.lang.reflect.Method.invoke(Method.java:580)\r\n org.testng.internal.invokers.MethodInvocationHelper.invokeMethod(MethodInvocationHelper.java:139)\r\n org.testng.internal.invokers.TestInvoker.invokeMethod(TestInvoker.java:664)\r\n org.testng.internal.invokers.TestInvoker.invokeTestMethod(TestInvoker.java:228)\r\n org.testng.internal.invokers.MethodRunner.runInSequence(MethodRunner.java:63)\r\n org.testng.internal.invokers.TestInvoker$MethodInvocationAgent.invoke(TestInvoker.java:961)\r\n org.testng.internal.invokers.TestInvoker.invokeTestMethods(TestInvoker.java:201)\r\n org.testng.internal.invokers.TestMethodWorker.invokeTestMethods(TestMethodWorker.java:148)\r\n org.testng.internal.invokers.TestMethodWorker.run(TestMethodWorker.java:128)\r\n java.base/java.util.ArrayList.forEach(ArrayList.java:1597)\r\n org.testng.TestRunner.privateRun(TestRunner.java:819)\r\n org.testng.TestRunner.run(TestRunner.java:619)\r\n org.testng.SuiteRunner.runTest(SuiteRunner.java:443)\r\n org.testng.SuiteRunner.runSequentially(SuiteRunner.java:437)\r\n org.testng.SuiteRunner.privateRun(SuiteRunner.java:397)\r\n org.testng.SuiteRunner.run(SuiteRunner.java:336)\r\n org.testng.SuiteRunnerWorker.runSuite(SuiteRunnerWorker.java:52)\r\n org.testng.SuiteRunnerWorker.run(SuiteRunnerWorker.java:95)\r\n org.testng.TestNG.runSuitesSequentially(TestNG.java:1301)\r\n org.testng.TestNG.runSuitesLocally(TestNG.java:1228)\r\n org.testng.TestNG.runSuites(TestNG.java:1134)\r\n org.testng.TestNG.run(TestNG.java:1101)\r\n com.intellij.rt.testng.IDEARemoteTestNG.run(IDEARemoteTestNG.java:65)\r\n com.intellij.rt.testng.RemoteTestNGStarter.main(RemoteTestNGStarter.java:105)"},"stage":"finished","steps":[],"attachments":[{"name":"Screenshot - Get text_failed_1711863012882","source":"50afe7cc-b4a0-43fc-ad86-0866f892f488-attachment.png","type":"image/png"},{"name":"Element Action Exception - Get text - Stacktrace","source":"21b143f4-a4c4-48b2-bdd9-8d632849b013-attachment"}],"parameters":[{"name":"logText","value":"Failed to Get text from \"By.cssSelector: h2[data-qa='account-deleted'] > b\". Root cause: \"org.openqa.selenium.NoSuchElementException: no such element: Unable to locate element: {\"method\":\"css selector\",\"selector\":\"h2[data-qa='account-deleted'] > b\"}\""},{"name":"attachments","value":"[[Screenshot, Get text_failed_1711863012882, java.io.ByteArrayInputStream@42a327e], [Element Action Exception - Get text, Stacktrace, java.lang.AssertionError: Failed to identify unique element using this locator \"By.cssSelector: h2[data-qa='account-deleted'] > b\" Root cause: \"org.openqa.selenium.NoSuchElementException: no such element: Unable to locate element: {\"method\":\"css selector\",\"selector\":\"h2[data-qa='account-deleted'] > b\"}\"\r\n org.testng.Assert.fail(Assert.java:99)\r\n com.shaft.tools.io.internal.FailureReporter.fail(FailureReporter.java:38)\r\n com.shaft.gui.element.internal.ElementActionsHelper.identifyUniqueElement(ElementActionsHelper.java:873)\r\n com.shaft.gui.element.internal.ElementActionsHelper.identifyUniqueElementIgnoringVisibility(ElementActionsHelper.java:862)\r\n com.shaft.gui.element.ElementActions.getText(ElementActions.java:441)\r\n com.shaft.validation.internal.ValidationsHelper2.validateElementAttribute(ValidationsHelper2.java:36)\r\n com.shaft.validation.internal.ValidationsExecutor.performValidation(ValidationsExecutor.java:168)\r\n com.shaft.validation.internal.ValidationsExecutor.internalPerform(ValidationsExecutor.java:150)\r\n com.shaft.validation.internal.NativeValidationsBuilder.equalsIgnoringCaseSensitivity(NativeValidationsBuilder.java:192)\r\n TestPackage.RegisterUser.test(RegisterUser.java:95)\r\n java.base/jdk.internal.reflect.DirectMethodHandleAccessor.invoke(DirectMethodHandleAccessor.java:103)\r\n java.base/java.lang.reflect.Method.invoke(Method.java:580)\r\n org.testng.internal.invokers.MethodInvocationHelper.invokeMethod(MethodInvocationHelper.java:139)\r\n org.testng.internal.invokers.TestInvoker.invokeMethod(TestInvoker.java:664)\r\n org.testng.internal.invokers.TestInvoker.invokeTestMethod(TestInvoker.java:228)\r\n org.testng.internal.invokers.MethodRunner.runInSequence(MethodRunner.java:63)\r\n org.testng.internal.invokers.TestInvoker$MethodInvocationAgent.invoke(TestInvoker.java:961)\r\n org.testng.internal.invokers.TestInvoker.invokeTestMethods(TestInvoker.java:201)\r\n org.testng.internal.invokers.TestMethodWorker.invokeTestMethods(TestMethodWorker.java:148)\r\n org.testng.internal.invokers.TestMethodWorker.run(TestMethodWorker.java:128)\r\n java.base/java.util.ArrayList.forEach(ArrayList.java:1597)\r\n org.testng.TestRunner.privateRun(TestRunner.java:819)\r\n org.testng.TestRunner.run(TestRunner.java:619)\r\n org.testng.SuiteRunner.runTest(SuiteRunner.java:443)\r\n org.testng.SuiteRunner.runSequentially(SuiteRunner.java:437)\r\n org.testng.SuiteRunner.privateRun(SuiteRunner.java:397)\r\n org.testng.SuiteRunner.run(SuiteRunner.java:336)\r\n org.testng.SuiteRunnerWorker.runSuite(SuiteRunnerWorker.java:52)\r\n org.testng.SuiteRunnerWorker.run(SuiteRunnerWorker.java:95)\r\n org.testng.TestNG.runSuitesSequentially(TestNG.java:1301)\r\n org.testng.TestNG.runSuitesLocally(TestNG.java:1228)\r\n org.testng.TestNG.runSuites(TestNG.java:1134)\r\n org.testng.TestNG.run(TestNG.java:1101)\r\n com.intellij.rt.testng.IDEARemoteTestNG.run(IDEARemoteTestNG.java:65)\r\n com.intellij.rt.testng.RemoteTestNGStarter.main(RemoteTestNGStarter.java:105)\r\n\r\nCaused by: org.openqa.selenium.TimeoutException: Expected condition failed: waiting for com.shaft.gui.element.internal.ElementActionsHelper$$Lambda/0x000001dfcd72e430@1f018baf (tried for 60 second(s) with 100 milliseconds interval)\r\n org.openqa.selenium.support.ui.FluentWait.timeoutException(FluentWait.java:265)\r\n org.openqa.selenium.support.ui.FluentWait.until(FluentWait.java:228)\r\n com.shaft.gui.element.internal.ElementActionsHelper.waitForElementPresence(ElementActionsHelper.java:130)\r\n com.shaft.gui.element.internal.ElementActionsHelper.getMatchingElementsInformation(ElementActionsHelper.java:903)\r\n com.shaft.gui.element.internal.ElementActionsHelper.identifyUniqueElement(ElementActionsHelper.java:866)\r\n com.shaft.gui.element.internal.ElementActionsHelper.identifyUniqueElementIgnoringVisibility(ElementActionsHelper.java:862)\r\n com.shaft.gui.element.ElementActions.getText(ElementActions.java:441)\r\n com.shaft.validation.internal.ValidationsHelper2.validateElementAttribute(ValidationsHelper2.java:36)\r\n com.shaft.validation.internal.ValidationsExecutor.performValidation(ValidationsExecutor.java:168)\r\n com.shaft.validation.internal.ValidationsExecutor.internalPerform(ValidationsExecutor.java:150)\r\n com.shaft.validation.internal.NativeValidationsBuilder.equalsIgnoringCaseSensitivity(NativeValidationsBuilder.java:192)\r\n TestPackage.RegisterUser.test(RegisterUser.java:95)\r\n java.base/jdk.internal.reflect.DirectMethodHandleAccessor.invoke(DirectMethodHandleAccessor.java:103)\r\n java.base/java.lang.reflect.Method.invoke(Method.java:580)\r\n org.testng.internal.invokers.MethodInvocationHelper.invokeMethod(MethodInvocationHelper.java:139)\r\n org.testng.internal.invokers.TestInvoker.invokeMethod(TestInvoker.java:664)\r\n org.testng.internal.invokers.TestInvoker.invokeTestMethod(TestInvoker.java:228)\r\n org.testng.internal.invokers.MethodRunner.runInSequence(MethodRunner.java:63)\r\n org.testng.internal.invokers.TestInvoker$MethodInvocationAgent.invoke(TestInvoker.java:961)\r\n org.testng.internal.invokers.TestInvoker.invokeTestMethods(TestInvoker.java:201)\r\n org.testng.internal.invokers.TestMethodWorker.invokeTestMethods(TestMethodWorker.java:148)\r\n org.testng.internal.invokers.TestMethodWorker.run(TestMethodWorker.java:128)\r\n java.base/java.util.ArrayList.forEach(ArrayList.java:1597)\r\n org.testng.TestRunner.privateRun(TestRunner.java:819)\r\n org.testng.TestRunner.run(TestRunner.java:619)\r\n org.testng.SuiteRunner.runTest(SuiteRunner.java:443)\r\n org.testng.SuiteRunner.runSequentially(SuiteRunner.java:437)\r\n org.testng.SuiteRunner.privateRun(SuiteRunner.java:397)\r\n org.testng.SuiteRunner.run(SuiteRunner.java:336)\r\n org.testng.SuiteRunnerWorker.runSuite(SuiteRunnerWorker.java:52)\r\n org.testng.SuiteRunnerWorker.run(SuiteRunnerWorker.java:95)\r\n org.testng.TestNG.runSuitesSequentially(TestNG.java:1301)\r\n org.testng.TestNG.runSuitesLocally(TestNG.java:1228)\r\n org.testng.TestNG.runSuites(TestNG.java:1134)\r\n org.testng.TestNG.run(TestNG.java:1101)\r\n com.intellij.rt.testng.IDEARemoteTestNG.run(IDEARemoteTestNG.java:65)\r\n com.intellij.rt.testng.RemoteTestNGStarter.main(RemoteTestNGStarter.java:105)\r\n\r\nCaused by: org.openqa.selenium.NoSuchElementException: no such element: Unable to locate element: {\"method\":\"css selector\",\"selector\":\"h2[data-qa='account-deleted'] > b\"}\n  (Session info: chrome=123.0.6312.86)\nFor documentation on this error, please visit: https://www.selenium.dev/documentation/webdriver/troubleshooting/errors#no-such-element-exception\nBuild info: version: '4.18.1', revision: 'b1d3319b48'\nSystem info: os.name: 'Windows 10', os.arch: 'amd64', os.version: '10.0', java.version: '22'\nDriver info: org.openqa.selenium.chrome.ChromeDriver\nCommand: [30b9ebb3c090ea74cc5c30a4c14f64d9, findElement {using=css selector, value=h2[data-qa='account-deleted'] > b}]\nCapabilities {acceptInsecureCerts: true, browserName: chrome, browserVersion: 123.0.6312.86, chrome: {chromedriverVersion: 123.0.6312.86 (9b72c47a0536..., userDataDir: C:\\Users\\ELSHEAKH\\AppData\\L...}, fedcm:accounts: true, goog:chromeOptions: {debuggerAddress: localhost:53836}, networkConnectionEnabled: false, pageLoadStrategy: normal, platformName: windows, proxy: Proxy(), se:cdp: ws://localhost:53836/devtoo..., se:cdpVersion: 123.0.6312.86, setWindowRect: true, strictFileInteractability: false, timeouts: {implicit: 0, pageLoad: 60000, script: 60000}, unhandledPromptBehavior: ignore, webSocketUrl: ws://localhost:34659/sessio..., webauthn:extension:credBlob: true, webauthn:extension:largeBlob: true, webauthn:extension:minPinLength: true, webauthn:extension:prf: true, webauthn:virtualAuthenticators: true}\nSession ID: 30b9ebb3c090ea74cc5c30a4c14f64d9\r\n java.base/jdk.internal.reflect.DirectConstructorHandleAccessor.newInstance(DirectConstructorHandleAccessor.java:62)\r\n java.base/java.lang.reflect.Constructor.newInstanceWithCaller(Constructor.java:502)\r\n java.base/java.lang.reflect.Constructor.newInstance(Constructor.java:486)\r\n org.openqa.selenium.remote.ErrorCodec.decode(ErrorCodec.java:167)\r\n org.openqa.selenium.remote.codec.w3c.W3CHttpResponseCodec.decode(W3CHttpResponseCodec.java:138)\r\n org.openqa.selenium.remote.codec.w3c.W3CHttpResponseCodec.decode(W3CHttpResponseCodec.java:50)\r\n org.openqa.selenium.remote.HttpCommandExecutor.execute(HttpCommandExecutor.java:190)\r\n org.openqa.selenium.remote.service.DriverCommandExecutor.invokeExecute(DriverCommandExecutor.java:216)\r\n org.openqa.selenium.remote.service.DriverCommandExecutor.execute(DriverCommandExecutor.java:174)\r\n org.openqa.selenium.remote.RemoteWebDriver.execute(RemoteWebDriver.java:519)\r\n org.openqa.selenium.remote.ElementLocation$ElementFinder$2.findElement(ElementLocation.java:165)\r\n org.openqa.selenium.remote.ElementLocation.findElement(ElementLocation.java:59)\r\n org.openqa.selenium.remote.RemoteWebDriver.findElement(RemoteWebDriver.java:356)\r\n org.openqa.selenium.remote.RemoteWebDriver.findElement(RemoteWebDriver.java:350)\r\n com.shaft.gui.element.internal.ElementActionsHelper.lambda$waitForElementPresence$6(ElementActionsHelper.java:149)\r\n org.openqa.selenium.support.ui.FluentWait.until(FluentWait.java:203)\r\n com.shaft.gui.element.internal.ElementActionsHelper.waitForElementPresence(ElementActionsHelper.java:130)\r\n com.shaft.gui.element.internal.ElementActionsHelper.getMatchingElementsInformation(ElementActionsHelper.java:903)\r\n com.shaft.gui.element.internal.ElementActionsHelper.identifyUniqueElement(ElementActionsHelper.java:866)\r\n com.shaft.gui.element.internal.ElementActionsHelper.identifyUniqueElementIgnoringVisibility(ElementActionsHelper.java:862)\r\n com.shaft.gui.element.ElementActions.getText(ElementActions.java:441)\r\n com.shaft.validation.internal.ValidationsHelper2.validateElementAttribute(ValidationsHelper2.java:36)\r\n com.shaft.validation.internal.ValidationsExecutor.performValidation(ValidationsExecutor.java:168)\r\n com.shaft.validation.internal.ValidationsExecutor.internalPerform(ValidationsExecutor.java:150)\r\n com.shaft.validation.internal.NativeValidationsBuilder.equalsIgnoringCaseSensitivity(NativeValidationsBuilder.java:192)\r\n TestPackage.RegisterUser.test(RegisterUser.java:95)\r\n java.base/jdk.internal.reflect.DirectMethodHandleAccessor.invoke(DirectMethodHandleAccessor.java:103)\r\n java.base/java.lang.reflect.Method.invoke(Method.java:580)\r\n org.testng.internal.invokers.MethodInvocationHelper.invokeMethod(MethodInvocationHelper.java:139)\r\n org.testng.internal.invokers.TestInvoker.invokeMethod(TestInvoker.java:664)\r\n org.testng.internal.invokers.TestInvoker.invokeTestMethod(TestInvoker.java:228)\r\n org.testng.internal.invokers.MethodRunner.runInSequence(MethodRunner.java:63)\r\n org.testng.internal.invokers.TestInvoker$MethodInvocationAgent.invoke(TestInvoker.java:961)\r\n org.testng.internal.invokers.TestInvoker.invokeTestMethods(TestInvoker.java:201)\r\n org.testng.internal.invokers.TestMethodWorker.invokeTestMethods(TestMethodWorker.java:148)\r\n org.testng.internal.invokers.TestMethodWorker.run(TestMethodWorker.java:128)\r\n java.base/java.util.ArrayList.forEach(ArrayList.java:1597)\r\n org.testng.TestRunner.privateRun(TestRunner.java:819)\r\n org.testng.TestRunner.run(TestRunner.java:619)\r\n org.testng.SuiteRunner.runTest(SuiteRunner.java:443)\r\n org.testng.SuiteRunner.runSequentially(SuiteRunner.java:437)\r\n org.testng.SuiteRunner.privateRun(SuiteRunner.java:397)\r\n org.testng.SuiteRunner.run(SuiteRunner.java:336)\r\n org.testng.SuiteRunnerWorker.runSuite(SuiteRunnerWorker.java:52)\r\n org.testng.SuiteRunnerWorker.run(SuiteRunnerWorker.java:95)\r\n org.testng.TestNG.runSuitesSequentially(TestNG.java:1301)\r\n org.testng.TestNG.runSuitesLocally(TestNG.java:1228)\r\n org.testng.TestNG.runSuites(TestNG.java:1134)\r\n org.testng.TestNG.run(TestNG.java:1101)\r\n com.intellij.rt.testng.IDEARemoteTestNG.run(IDEARemoteTestNG.java:65)\r\n com.intellij.rt.testng.RemoteTestNGStarter.main(RemoteTestNGStarter.java:105)\r\n]]"},{"name":"status","value":"FAIL"}],"start":1711863012989,"stop":1711863012992}],"attachments":[],"parameters":[{"name":"driver","value":"ChromeDriver: chrome on windows (30b9ebb3c090ea74cc5c30a4c14f64d9)"},{"name":"elementLocator","value":"By.cssSelector: h2[data-qa='account-deleted'] > b"},{"name":"elementAttribute","value":"text"},{"name":"expectedValue","value":"ACCOUNT DELETED!"},{"name":"validationComparisonType","value":"CASE_INSENSITIVE"},{"name":"validationType","value":"POSITIVE"},{"name":"customReportMessage","value":"the element located by \"By.cssSelector: h2[data-qa='account-deleted'] > b\" text equals \"ACCOUNT DELETED!\", ignoring case sensitivity."}],"start":1711862952624,"stop":1711863012994}],"attachments":[{"name":"SHAFT Engine Logs - Current Method log: test","source":"655bb7b1-3ed3-48f9-b23f-edf603f98283-attachment.txt","type":"text/plain"}],"parameters":[],"start":1711862748701,"stop":1711863013004}