
[0;7m------------------------------------------------------------------------------------------------------------------------------------------------
                                        Starting Execution: '1 out of 1' test cases in the current suite                                        
                                                  Test Method: 'TestPackage.RegisterUser.test'                                                  
                                                  Test Description: 'Register User Test - GUI'                                                  
------------------------------------------------------------------------------------------------------------------------------------------------
[0m
[ReportManager] Target URL: "https://automationexercise.com/" @31-03-2024 07:25:48.0736 AM
[ReportManager] Initial URL: "about:blank" @31-03-2024 07:25:48.0784 AM
[ReportManager] Navigate to url "https://automationexercise.com/". @31-03-2024 07:25:52.0351 AM
[ReportManager] Get current window title "Automation Exercise". @31-03-2024 07:25:52.0452 AM
[ReportManager] Expected "Automation Exercise", and actual "Automation Exercise" @31-03-2024 07:25:52.0453 AM
[ReportManager] Verification "ValidateBrowserAttribute" PASSED. Expected "Value Should be 'Automation Exercise' for the 'title' attribute" and Actual "Automation Exercise". Comparison Type "EQUALS". Validation Type "POSITIVE". @31-03-2024 07:25:57.0547 AM
[ReportManager] Verification Passed: the Browser title is equal to "Automation Exercise". @31-03-2024 07:25:57.0551 AM
[ReportManager] Successfully created attachment 'Screenshot - ValidateBrowserAttribute_passed_1711862754633' @31-03-2024 07:25:57.0580 AM
[ReportManager] the Browser title is equal to "Automation Exercise". @31-03-2024 07:25:57.0586 AM
[ReportManager] Moved the mouse to the middle of the element. @31-03-2024 07:25:58.0003 AM
[ReportManager] Click "By.className: fa-lock". @31-03-2024 07:25:59.0676 AM
[ReportManager] Get text "New User Signup!
Signup" from "By.className: signup-form". @31-03-2024 07:25:59.0891 AM
[ReportManager] Expected "New User Signup!
Signup", and actual "New User Signup!
Signup" @31-03-2024 07:25:59.0891 AM
[ReportManager] Successfully created attachment 'Screenshot - VerifyElementAttribute_passed_1711862760804' @31-03-2024 07:26:01.0059 AM
[ReportManager] the element located by "By.className: signup-form" text is equal to "New User Signup!
Signup". @31-03-2024 07:26:01.0059 AM
[ReportManager] Text cleared Using Native Clear @31-03-2024 07:26:01.0238 AM
[ReportManager] Type "Hameed" into "Name". @31-03-2024 07:26:01.0308 AM
[ReportManager] Text cleared Using Native Clear @31-03-2024 07:26:01.0451 AM
[ReportManager] Type "abdelhameedkhamisss@yahoo.com" into "Email Address". @31-03-2024 07:26:01.0533 AM
[ReportManager] Moved the mouse to the middle of the element. @31-03-2024 07:26:01.0703 AM
[ReportManager] Click "Signup". @31-03-2024 07:26:02.0574 AM
[ReportManager] Get text "ENTER ACCOUNT INFORMATION" from "ENTER ACCOUNT INFORMATION". @31-03-2024 07:26:02.0705 AM
[ReportManager] Expected "ENTER ACCOUNT INFORMATION", and actual "ENTER ACCOUNT INFORMATION" @31-03-2024 07:26:02.0706 AM
[ReportManager] Successfully created attachment 'Screenshot - VerifyElementAttribute_passed_1711862763552' @31-03-2024 07:26:03.0988 AM
[ReportManager] the element located by "By.xpath: (//*[@class="title text-center"])[1]" text is equal to "ENTER ACCOUNT INFORMATION". @31-03-2024 07:26:03.0989 AM
[ReportManager] Moved the mouse to the middle of the element. @31-03-2024 07:26:04.0197 AM
[ReportManager] Click "Mr.". @31-03-2024 07:26:04.0266 AM
[ReportManager] Text cleared Using Native Clear @31-03-2024 07:26:04.0413 AM
[ReportManager] Type "Windows.2000" into "Password *". @31-03-2024 07:26:04.0483 AM
[ReportManager] Click "20". @31-03-2024 07:26:04.0613 AM
[ReportManager] Click "September". @31-03-2024 07:26:04.0753 AM
[ReportManager] Click "1995". @31-03-2024 07:26:04.0878 AM
[ReportManager] Moved the mouse to the middle of the element. @31-03-2024 07:26:05.0108 AM
[ReportManager] Click "Sign up for our newsletter!". @31-03-2024 07:26:05.0164 AM
[ReportManager] Text cleared Using Native Clear @31-03-2024 07:26:05.0356 AM
[ReportManager] Type "Abdelhamid" into "First name *". @31-03-2024 07:26:05.0448 AM
[ReportManager] Text cleared Using Native Clear @31-03-2024 07:26:05.0633 AM
[ReportManager] Type "Khamis" into "Last name *". @31-03-2024 07:26:05.0722 AM
[ReportManager] Text cleared Using Native Clear @31-03-2024 07:26:05.0876 AM
[ReportManager] Type "Almukatam, Cairo" into "Address * (Street address, P.O. Box, Company name, etc.)". @31-03-2024 07:26:05.0963 AM
[ReportManager] Click "Singapore". @31-03-2024 07:26:06.0079 AM
[ReportManager] Text cleared Using Native Clear @31-03-2024 07:26:06.0250 AM
[ReportManager] Type "Cairo" into "State *". @31-03-2024 07:26:06.0308 AM
[ReportManager] Text cleared Using Native Clear @31-03-2024 07:26:06.0472 AM
[ReportManager] Type "anyState" into "City * Zipcode *". @31-03-2024 07:26:06.0550 AM
[ReportManager] Text cleared Using Native Clear @31-03-2024 07:26:06.0722 AM
[ReportManager] Type "25486" into "By.cssSelector: [data-qa=zipcode]". @31-03-2024 07:26:06.0782 AM
[ReportManager] Text cleared Using Native Clear @31-03-2024 07:26:06.0926 AM
[ReportManager] Type "00201204984543" into "Mobile Number *". @31-03-2024 07:26:06.0994 AM
[ReportManager] Moved the mouse to the middle of the element. @31-03-2024 07:26:07.0190 AM
[ReportManager] Click "Create Account". @31-03-2024 07:26:09.0243 AM
[ReportManager] Perform navigation action "Navigate REFRESH to". @31-03-2024 07:26:10.0024 AM
[ReportManager] Expected condition failed: waiting for com.shaft.gui.element.internal.ElementActionsHelper$$Lambda/0x000001dfcd72e430@6b5dc4bb (tried for 60 second(s) with 100 milliseconds interval) || javascript error: {"status":32,"value":"Unable to locate an element with the xpath expression By.cssSelector(\"[data-qa=account-created]\") because of the following error:\nSyntaxError: Failed to execute 'evaluate' on 'Document': The string 'By.cssSelector(\"[data-qa=account-created]\")' is not a valid XPath expression."} @31-03-2024 07:27:10.0045 AM
[ReportManager] Expected condition failed: waiting for com.shaft.gui.element.internal.ElementActionsHelper$$Lambda/0x000001dfcd72e430@1602b644 (tried for 60 second(s) with 100 milliseconds interval) || javascript error: {"status":32,"value":"Unable to locate an element with the xpath expression By.cssSelector(\"[data-qa=account-created]\") because of the following error:\nSyntaxError: Failed to execute 'evaluate' on 'Document': The string 'By.cssSelector(\"[data-qa=account-created]\")' is not a valid XPath expression."} @31-03-2024 07:28:10.0158 AM
[ReportManager] Get text "ACCOUNT CREATED!" from "ACCOUNT CREATED!". @31-03-2024 07:28:10.0250 AM
[ReportManager] Expected "ACCOUNT CREATED!", and actual "ACCOUNT CREATED!" @31-03-2024 07:28:10.0250 AM
[ReportManager] Successfully created attachment 'Screenshot - VerifyElementAttribute_passed_1711862890549' @31-03-2024 07:28:10.0657 AM
[ReportManager] the element located by "By.cssSelector: [data-qa=account-created]" text is equal to "ACCOUNT CREATED!". @31-03-2024 07:28:10.0658 AM
[ReportManager] Moved the mouse to the middle of the element. @31-03-2024 07:28:10.0842 AM
[ReportManager] Click "Continue". @31-03-2024 07:28:10.0983 AM
[ReportManager] Perform navigation action "Navigate REFRESH to". @31-03-2024 07:28:12.0352 AM
[ReportManager] Expected condition failed: waiting for com.shaft.gui.element.internal.ElementActionsHelper$$Lambda/0x000001dfcd72e430@3de64145 (tried for 60 second(s) with 100 milliseconds interval) || no such element: Unable to locate element: {"method":"css selector","selector":"a[href='/delete_account']"} @31-03-2024 07:29:12.0378 AM
[ReportManager] Failed to Click "By.cssSelector: a[href='/delete_account']". Root cause: "org.openqa.selenium.NoSuchElementException: no such element: Unable to locate element: {"method":"css selector","selector":"a[href='/delete_account']"}" @31-03-2024 07:29:12.0617 AM
[ReportManager] Successfully created attachment 'Screenshot - Click_failed_1711862952509' @31-03-2024 07:29:12.0619 AM
[ReportManager] Successfully created attachment 'Element Action Exception - Click - Stacktrace' @31-03-2024 07:29:12.0621 AM
[ReportManager] Expected condition failed: waiting for com.shaft.gui.element.internal.ElementActionsHelper$$Lambda/0x000001dfcd72e430@1f018baf (tried for 60 second(s) with 100 milliseconds interval) || no such element: Unable to locate element: {"method":"css selector","selector":"h2[data-qa='account-deleted'] > b"} @31-03-2024 07:30:12.0722 AM
[ReportManager] Failed to Get text from "By.cssSelector: h2[data-qa='account-deleted'] > b". Root cause: "org.openqa.selenium.NoSuchElementException: no such element: Unable to locate element: {"method":"css selector","selector":"h2[data-qa='account-deleted'] > b"}" @31-03-2024 07:30:12.0989 AM
[ReportManager] Successfully created attachment 'Screenshot - Get text_failed_1711863012882' @31-03-2024 07:30:12.0990 AM
[ReportManager] Successfully created attachment 'Element Action Exception - Get text - Stacktrace' @31-03-2024 07:30:12.0992 AM