{"uuid":"e7175653-0ec2-493e-b842-386e18a12ed7","historyId":"6d78deef5b4ddd3e2efaf50e326f157","fullName":"TestPackage.RegisterUser.test","labels":[{"name":"package","value":"TestPackage.RegisterUser"},{"name":"testClass","value":"TestPackage.RegisterUser"},{"name":"testMethod","value":"test"},{"name":"parentSuite","value":"Default Suite"},{"name":"suite","value":"eCommerce_test_automation"},{"name":"subSuite","value":"TestPackage.RegisterUser"},{"name":"host","value":"DESKTOP-UPF29VS"},{"name":"thread","value":"26288@DESKTOP-UPF29VS.main(1)"},{"name":"framework","value":"testng"},{"name":"language","value":"java"},{"name":"epic","value":"Automation Exercise"},{"name":"story","value":"User Register"},{"name":"feature","value":"User Management"}],"links":[],"name":"Register User Test - GUI","status":"passed","statusDetails":{"known":false,"muted":false,"flaky":false},"stage":"finished","description":"As a new user, upon entering valid data during registration, I should be successfully registered and automatically logged into the system.","steps":[{"name":"Navigate to url \"https://automationexercise.com/\".","status":"passed","stage":"finished","steps":[],"attachments":[],"parameters":[],"start":1711864846897,"stop":1711864846897},{"name":" Verify that the Browser title is equal to \"Automation Exercise\".","status":"passed","stage":"finished","steps":[{"name":"Get current window title \"Automation Exercise\".","status":"passed","stage":"finished","steps":[],"attachments":[],"parameters":[],"start":1711864846931,"stop":1711864846932},{"name":"Verification Passed: the Browser title is equal to \"Automation Exercise\".","status":"passed","stage":"finished","steps":[],"attachments":[{"name":"Screenshot - ValidateBrowserAttribute_passed_1711864849227","source":"8e9c7fa7-85fc-4b1d-b5e3-f9903cbc0eb3-attachment.png","type":"image/png"}],"parameters":[{"name":"customLog","value":"Verification Passed: the Browser title is equal to \"Automation Exercise\"."},{"name":"attachments","value":"[[Screenshot, ValidateBrowserAttribute_passed_1711864849227, java.io.ByteArrayInputStream@1315befe]]"}],"start":1711864851640,"stop":1711864851657}],"attachments":[],"parameters":[{"name":"validationCategory","value":"SOFT_ASSERT"},{"name":"driver","value":"ChromeDriver: chrome on windows (bf3ea714f6930880933765694232f081)"},{"name":"browserAttribute","value":"title"},{"name":"expectedValue","value":"Automation Exercise"},{"name":"validationComparisonType","value":"EQUALS"},{"name":"validationType","value":"POSITIVE"},{"name":"customReportMessage","value":"the Browser title is equal to \"Automation Exercise\"."}],"start":1711864846914,"stop":1711864851662},{"name":"the Browser title is equal to \"Automation Exercise\".","status":"passed","stage":"finished","steps":[],"attachments":[],"parameters":[],"start":1711864851662,"stop":1711864851662},{"name":"Click \"By.className: fa-lock\".","status":"passed","stage":"finished","steps":[],"attachments":[],"parameters":[],"start":1711864853424,"stop":1711864853424},{"name":" Verify that the element located by \"By.className: signup-form\" text is equal to \"New User Signup!\nSignup\".","status":"passed","stage":"finished","steps":[{"name":"Get text \"New User Signup!\nSignup\" from \"By.className: signup-form\".","status":"passed","stage":"finished","steps":[],"attachments":[],"parameters":[],"start":1711864853615,"stop":1711864853615}],"attachments":[{"name":"Screenshot - VerifyElementAttribute_passed_1711864854499","source":"036c7a24-bcc8-4797-82c8-d50156a64cfb-attachment.png","type":"image/png"}],"parameters":[{"name":"driver","value":"ChromeDriver: chrome on windows (bf3ea714f6930880933765694232f081)"},{"name":"elementLocator","value":"By.className: signup-form"},{"name":"elementAttribute","value":"text"},{"name":"expectedValue","value":"New User Signup!\nSignup"},{"name":"validationComparisonType","value":"EQUALS"},{"name":"validationType","value":"POSITIVE"},{"name":"customReportMessage","value":"the element located by \"By.className: signup-form\" text is equal to \"New User Signup!\nSignup\"."}],"start":1711864853443,"stop":1711864854739},{"name":"the element located by \"By.className: signup-form\" text is equal to \"New User Signup!\nSignup\".","status":"passed","stage":"finished","steps":[],"attachments":[],"parameters":[],"start":1711864854739,"stop":1711864854739},{"name":"Type \"Hameed\" into \"Name\".","status":"passed","stage":"finished","steps":[],"attachments":[],"parameters":[],"start":1711864855021,"stop":1711864855021},{"name":"Type \"abdelhameedkhames@yahoo.com\" into \"Email Address\".","status":"passed","stage":"finished","steps":[],"attachments":[],"parameters":[],"start":1711864855282,"stop":1711864855282},{"name":"Click \"Signup\".","status":"passed","stage":"finished","steps":[],"attachments":[],"parameters":[],"start":1711864856355,"stop":1711864856355},{"name":" Verify that the element located by \"By.xpath: (//*[@class=\"title text-center\"])[1]\" text is equal to \"ENTER ACCOUNT INFORMATION\".","status":"passed","stage":"finished","steps":[{"name":"Get text \"ENTER ACCOUNT INFORMATION\" from \"ENTER ACCOUNT INFORMATION\".","status":"passed","stage":"finished","steps":[],"attachments":[],"parameters":[],"start":1711864856681,"stop":1711864856681}],"attachments":[{"name":"Screenshot - VerifyElementAttribute_passed_1711864857306","source":"220a5b40-8061-4524-b706-b010c246ebac-attachment.png","type":"image/png"}],"parameters":[{"name":"driver","value":"ChromeDriver: chrome on windows (bf3ea714f6930880933765694232f081)"},{"name":"elementLocator","value":"By.xpath: (//*[@class=\"title text-center\"])[1]"},{"name":"elementAttribute","value":"text"},{"name":"expectedValue","value":"ENTER ACCOUNT INFORMATION"},{"name":"validationComparisonType","value":"EQUALS"},{"name":"validationType","value":"POSITIVE"},{"name":"customReportMessage","value":"the element located by \"By.xpath: (//*[@class=\"title text-center\"])[1]\" text is equal to \"ENTER ACCOUNT INFORMATION\"."}],"start":1711864856358,"stop":1711864857604},{"name":"the element located by \"By.xpath: (//*[@class=\"title text-center\"])[1]\" text is equal to \"ENTER ACCOUNT INFORMATION\".","status":"passed","stage":"finished","steps":[],"attachments":[],"parameters":[],"start":1711864857604,"stop":1711864857604},{"name":"Click \"Mr.\".","status":"passed","stage":"finished","steps":[],"attachments":[],"parameters":[],"start":1711864857887,"stop":1711864857887},{"name":"Type \"Windows.2000\" into \"Password *\".","status":"passed","stage":"finished","steps":[],"attachments":[],"parameters":[],"start":1711864858096,"stop":1711864858096},{"name":"Click \"20\".","status":"passed","stage":"finished","steps":[],"attachments":[],"parameters":[],"start":1711864858223,"stop":1711864858223},{"name":"Click \"September\".","status":"passed","stage":"finished","steps":[],"attachments":[],"parameters":[],"start":1711864858371,"stop":1711864858371},{"name":"Click \"1995\".","status":"passed","stage":"finished","steps":[],"attachments":[],"parameters":[],"start":1711864858482,"stop":1711864858482},{"name":"Click \"Sign up for our newsletter!\".","status":"passed","stage":"finished","steps":[],"attachments":[],"parameters":[],"start":1711864858737,"stop":1711864858737},{"name":"Type \"Abdelhamid\" into \"First name *\".","status":"passed","stage":"finished","steps":[],"attachments":[],"parameters":[],"start":1711864858979,"stop":1711864858979},{"name":"Type \"Khamis\" into \"Last name *\".","status":"passed","stage":"finished","steps":[],"attachments":[],"parameters":[],"start":1711864859191,"stop":1711864859191},{"name":"Type \"Almukatam, Cairo\" into \"Address * (Street address, P.O. Box, Company name, etc.)\".","status":"passed","stage":"finished","steps":[],"attachments":[],"parameters":[],"start":1711864859421,"stop":1711864859421},{"name":"Click \"Singapore\".","status":"passed","stage":"finished","steps":[],"attachments":[],"parameters":[],"start":1711864859543,"stop":1711864859543},{"name":"Type \"Cairo\" into \"State *\".","status":"passed","stage":"finished","steps":[],"attachments":[],"parameters":[],"start":1711864859780,"stop":1711864859780},{"name":"Type \"anyState\" into \"City * Zipcode *\".","status":"passed","stage":"finished","steps":[],"attachments":[],"parameters":[],"start":1711864860003,"stop":1711864860003},{"name":"Type \"25486\" into \"By.cssSelector: [data-qa=zipcode]\".","status":"passed","stage":"finished","steps":[],"attachments":[],"parameters":[],"start":1711864860216,"stop":1711864860216},{"name":"Type \"00201204984543\" into \"Mobile Number *\".","status":"passed","stage":"finished","steps":[],"attachments":[],"parameters":[],"start":1711864860431,"stop":1711864860431},{"name":"Click \"Create Account\".","status":"passed","stage":"finished","steps":[],"attachments":[],"parameters":[],"start":1711864862862,"stop":1711864862862},{"name":"Perform navigation action \"Navigate REFRESH to\".","status":"passed","stage":"finished","steps":[],"attachments":[],"parameters":[],"start":1711864864201,"stop":1711864864201},{"name":" Verify that the element located by \"By.cssSelector: [data-qa=account-created]\" text is equal to \"ACCOUNT CREATED!\".","status":"passed","stage":"finished","steps":[{"name":"Get text \"ACCOUNT CREATED!\" from \"ACCOUNT CREATED!\".","status":"passed","stage":"finished","steps":[],"attachments":[],"parameters":[],"start":1711864984373,"stop":1711864984373}],"attachments":[{"name":"Screenshot - VerifyElementAttribute_passed_1711864984686","source":"71946f2b-e445-4c52-b573-ecf28528c8c1-attachment.png","type":"image/png"}],"parameters":[{"name":"driver","value":"ChromeDriver: chrome on windows (bf3ea714f6930880933765694232f081)"},{"name":"elementLocator","value":"By.cssSelector: [data-qa=account-created]"},{"name":"elementAttribute","value":"text"},{"name":"expectedValue","value":"ACCOUNT CREATED!"},{"name":"validationComparisonType","value":"EQUALS"},{"name":"validationType","value":"POSITIVE"},{"name":"customReportMessage","value":"the element located by \"By.cssSelector: [data-qa=account-created]\" text is equal to \"ACCOUNT CREATED!\"."}],"start":1711864984289,"stop":1711864984829},{"name":"the element located by \"By.cssSelector: [data-qa=account-created]\" text is equal to \"ACCOUNT CREATED!\".","status":"passed","stage":"finished","steps":[],"attachments":[],"parameters":[],"start":1711864984829,"stop":1711864984829},{"name":"Click \"Continue\".","status":"passed","stage":"finished","steps":[],"attachments":[],"parameters":[],"start":1711864985081,"stop":1711864985081},{"name":"Perform navigation action \"Navigate REFRESH to\".","status":"passed","stage":"finished","steps":[],"attachments":[],"parameters":[],"start":1711864986848,"stop":1711864986848},{"name":"Failed to Click \"By.cssSelector: a[href='/delete_account']\". Root cause: \"org.openqa.selenium.NoSuchElementException: no such element: Unable to locate element: {\"method\":\"css selector\",\"selector\":\"a[href='/delete_account']\"}\"","status":"passed","statusDetails":{"known":false,"muted":false,"flaky":false,"trace":"java.io.ByteArrayInputStream@960a64a\r\njava.lang.AssertionError: Failed to identify unique element using this locator \"By.cssSelector: a[href='/delete_account']\" Root cause: \"org.openqa.selenium.NoSuchElementException: no such element: Unable to locate element: {\"method\":\"css selector\",\"selector\":\"a[href='/delete_account']\"}\"\r\n org.testng.Assert.fail(Assert.java:99)\r\n com.shaft.tools.io.internal.FailureReporter.fail(FailureReporter.java:38)\r\n com.shaft.gui.element.internal.ElementActionsHelper.identifyUniqueElement(ElementActionsHelper.java:873)\r\n com.shaft.gui.element.internal.ElementActionsHelper.performActionAgainstUniqueElementIgnoringVisibility(ElementActionsHelper.java:854)\r\n com.shaft.gui.element.ElementActions.click(ElementActions.java:128)\r\n com.ecommerce.utils.GoogleAlert.dismissAlert(GoogleAlert.java:19)\r\n TestPackage.RegisterUser.test(RegisterUser.java:91)\r\n java.base/jdk.internal.reflect.DirectMethodHandleAccessor.invoke(DirectMethodHandleAccessor.java:103)\r\n java.base/java.lang.reflect.Method.invoke(Method.java:580)\r\n org.testng.internal.invokers.MethodInvocationHelper.invokeMethod(MethodInvocationHelper.java:139)\r\n org.testng.internal.invokers.TestInvoker.invokeMethod(TestInvoker.java:664)\r\n org.testng.internal.invokers.TestInvoker.invokeTestMethod(TestInvoker.java:228)\r\n org.testng.internal.invokers.MethodRunner.runInSequence(MethodRunner.java:63)\r\n org.testng.internal.invokers.TestInvoker$MethodInvocationAgent.invoke(TestInvoker.java:961)\r\n org.testng.internal.invokers.TestInvoker.invokeTestMethods(TestInvoker.java:201)\r\n org.testng.internal.invokers.TestMethodWorker.invokeTestMethods(TestMethodWorker.java:148)\r\n org.testng.internal.invokers.TestMethodWorker.run(TestMethodWorker.java:128)\r\n java.base/java.util.ArrayList.forEach(ArrayList.java:1597)\r\n org.testng.TestRunner.privateRun(TestRunner.java:819)\r\n org.testng.TestRunner.run(TestRunner.java:619)\r\n org.testng.SuiteRunner.runTest(SuiteRunner.java:443)\r\n org.testng.SuiteRunner.runSequentially(SuiteRunner.java:437)\r\n org.testng.SuiteRunner.privateRun(SuiteRunner.java:397)\r\n org.testng.SuiteRunner.run(SuiteRunner.java:336)\r\n org.testng.SuiteRunnerWorker.runSuite(SuiteRunnerWorker.java:52)\r\n org.testng.SuiteRunnerWorker.run(SuiteRunnerWorker.java:95)\r\n org.testng.TestNG.runSuitesSequentially(TestNG.java:1301)\r\n org.testng.TestNG.runSuitesLocally(TestNG.java:1228)\r\n org.testng.TestNG.runSuites(TestNG.java:1134)\r\n org.testng.TestNG.run(TestNG.java:1101)\r\n com.intellij.rt.testng.IDEARemoteTestNG.run(IDEARemoteTestNG.java:65)\r\n com.intellij.rt.testng.RemoteTestNGStarter.main(RemoteTestNGStarter.java:105)\r\n\r\nCaused by: org.openqa.selenium.TimeoutException: Expected condition failed: waiting for com.shaft.gui.element.internal.ElementActionsHelper$$Lambda/0x000001dc5872f1b8@763df8f3 (tried for 60 second(s) with 100 milliseconds interval)\r\n org.openqa.selenium.support.ui.FluentWait.timeoutException(FluentWait.java:265)\r\n org.openqa.selenium.support.ui.FluentWait.until(FluentWait.java:228)\r\n com.shaft.gui.element.internal.ElementActionsHelper.waitForElementPresence(ElementActionsHelper.java:130)\r\n com.shaft.gui.element.internal.ElementActionsHelper.getMatchingElementsInformation(ElementActionsHelper.java:903)\r\n com.shaft.gui.element.internal.ElementActionsHelper.identifyUniqueElement(ElementActionsHelper.java:866)\r\n com.shaft.gui.element.internal.ElementActionsHelper.performActionAgainstUniqueElementIgnoringVisibility(ElementActionsHelper.java:854)\r\n com.shaft.gui.element.ElementActions.click(ElementActions.java:128)\r\n com.ecommerce.utils.GoogleAlert.dismissAlert(GoogleAlert.java:19)\r\n TestPackage.RegisterUser.test(RegisterUser.java:91)\r\n java.base/jdk.internal.reflect.DirectMethodHandleAccessor.invoke(DirectMethodHandleAccessor.java:103)\r\n java.base/java.lang.reflect.Method.invoke(Method.java:580)\r\n org.testng.internal.invokers.MethodInvocationHelper.invokeMethod(MethodInvocationHelper.java:139)\r\n org.testng.internal.invokers.TestInvoker.invokeMethod(TestInvoker.java:664)\r\n org.testng.internal.invokers.TestInvoker.invokeTestMethod(TestInvoker.java:228)\r\n org.testng.internal.invokers.MethodRunner.runInSequence(MethodRunner.java:63)\r\n org.testng.internal.invokers.TestInvoker$MethodInvocationAgent.invoke(TestInvoker.java:961)\r\n org.testng.internal.invokers.TestInvoker.invokeTestMethods(TestInvoker.java:201)\r\n org.testng.internal.invokers.TestMethodWorker.invokeTestMethods(TestMethodWorker.java:148)\r\n org.testng.internal.invokers.TestMethodWorker.run(TestMethodWorker.java:128)\r\n java.base/java.util.ArrayList.forEach(ArrayList.java:1597)\r\n org.testng.TestRunner.privateRun(TestRunner.java:819)\r\n org.testng.TestRunner.run(TestRunner.java:619)\r\n org.testng.SuiteRunner.runTest(SuiteRunner.java:443)\r\n org.testng.SuiteRunner.runSequentially(SuiteRunner.java:437)\r\n org.testng.SuiteRunner.privateRun(SuiteRunner.java:397)\r\n org.testng.SuiteRunner.run(SuiteRunner.java:336)\r\n org.testng.SuiteRunnerWorker.runSuite(SuiteRunnerWorker.java:52)\r\n org.testng.SuiteRunnerWorker.run(SuiteRunnerWorker.java:95)\r\n org.testng.TestNG.runSuitesSequentially(TestNG.java:1301)\r\n org.testng.TestNG.runSuitesLocally(TestNG.java:1228)\r\n org.testng.TestNG.runSuites(TestNG.java:1134)\r\n org.testng.TestNG.run(TestNG.java:1101)\r\n com.intellij.rt.testng.IDEARemoteTestNG.run(IDEARemoteTestNG.java:65)\r\n com.intellij.rt.testng.RemoteTestNGStarter.main(RemoteTestNGStarter.java:105)\r\n\r\nCaused by: org.openqa.selenium.NoSuchElementException: no such element: Unable to locate element: {\"method\":\"css selector\",\"selector\":\"a[href='/delete_account']\"}\n  (Session info: chrome=123.0.6312.86)\nFor documentation on this error, please visit: https://www.selenium.dev/documentation/webdriver/troubleshooting/errors#no-such-element-exception\nBuild info: version: '4.18.1', revision: 'b1d3319b48'\nSystem info: os.name: 'Windows 10', os.arch: 'amd64', os.version: '10.0', java.version: '22'\nDriver info: org.openqa.selenium.chrome.ChromeDriver\nCommand: [bf3ea714f6930880933765694232f081, findElement {value=a[href='/delete_account'], using=css selector}]\nCapabilities {acceptInsecureCerts: true, browserName: chrome, browserVersion: 123.0.6312.86, chrome: {chromedriverVersion: 123.0.6312.86 (9b72c47a0536..., userDataDir: C:\\Users\\ELSHEAKH\\AppData\\L...}, fedcm:accounts: true, goog:chromeOptions: {debuggerAddress: localhost:55669}, networkConnectionEnabled: false, pageLoadStrategy: normal, platformName: windows, proxy: Proxy(), se:cdp: ws://localhost:55669/devtoo..., se:cdpVersion: 123.0.6312.86, setWindowRect: true, strictFileInteractability: false, timeouts: {implicit: 0, pageLoad: 60000, script: 60000}, unhandledPromptBehavior: ignore, webSocketUrl: ws://localhost:47476/sessio..., webauthn:extension:credBlob: true, webauthn:extension:largeBlob: true, webauthn:extension:minPinLength: true, webauthn:extension:prf: true, webauthn:virtualAuthenticators: true}\nSession ID: bf3ea714f6930880933765694232f081\r\n java.base/jdk.internal.reflect.DirectConstructorHandleAccessor.newInstance(DirectConstructorHandleAccessor.java:62)\r\n java.base/java.lang.reflect.Constructor.newInstanceWithCaller(Constructor.java:502)\r\n java.base/java.lang.reflect.Constructor.newInstance(Constructor.java:486)\r\n org.openqa.selenium.remote.ErrorCodec.decode(ErrorCodec.java:167)\r\n org.openqa.selenium.remote.codec.w3c.W3CHttpResponseCodec.decode(W3CHttpResponseCodec.java:138)\r\n org.openqa.selenium.remote.codec.w3c.W3CHttpResponseCodec.decode(W3CHttpResponseCodec.java:50)\r\n org.openqa.selenium.remote.HttpCommandExecutor.execute(HttpCommandExecutor.java:190)\r\n org.openqa.selenium.remote.service.DriverCommandExecutor.invokeExecute(DriverCommandExecutor.java:216)\r\n org.openqa.selenium.remote.service.DriverCommandExecutor.execute(DriverCommandExecutor.java:174)\r\n org.openqa.selenium.remote.RemoteWebDriver.execute(RemoteWebDriver.java:519)\r\n org.openqa.selenium.remote.ElementLocation$ElementFinder$2.findElement(ElementLocation.java:165)\r\n org.openqa.selenium.remote.ElementLocation.findElement(ElementLocation.java:59)\r\n org.openqa.selenium.remote.RemoteWebDriver.findElement(RemoteWebDriver.java:356)\r\n org.openqa.selenium.remote.RemoteWebDriver.findElement(RemoteWebDriver.java:350)\r\n com.shaft.gui.element.internal.ElementActionsHelper.lambda$waitForElementPresence$6(ElementActionsHelper.java:149)\r\n org.openqa.selenium.support.ui.FluentWait.until(FluentWait.java:203)\r\n com.shaft.gui.element.internal.ElementActionsHelper.waitForElementPresence(ElementActionsHelper.java:130)\r\n com.shaft.gui.element.internal.ElementActionsHelper.getMatchingElementsInformation(ElementActionsHelper.java:903)\r\n com.shaft.gui.element.internal.ElementActionsHelper.identifyUniqueElement(ElementActionsHelper.java:866)\r\n com.shaft.gui.element.internal.ElementActionsHelper.performActionAgainstUniqueElementIgnoringVisibility(ElementActionsHelper.java:854)\r\n com.shaft.gui.element.ElementActions.click(ElementActions.java:128)\r\n com.ecommerce.utils.GoogleAlert.dismissAlert(GoogleAlert.java:19)\r\n TestPackage.RegisterUser.test(RegisterUser.java:91)\r\n java.base/jdk.internal.reflect.DirectMethodHandleAccessor.invoke(DirectMethodHandleAccessor.java:103)\r\n java.base/java.lang.reflect.Method.invoke(Method.java:580)\r\n org.testng.internal.invokers.MethodInvocationHelper.invokeMethod(MethodInvocationHelper.java:139)\r\n org.testng.internal.invokers.TestInvoker.invokeMethod(TestInvoker.java:664)\r\n org.testng.internal.invokers.TestInvoker.invokeTestMethod(TestInvoker.java:228)\r\n org.testng.internal.invokers.MethodRunner.runInSequence(MethodRunner.java:63)\r\n org.testng.internal.invokers.TestInvoker$MethodInvocationAgent.invoke(TestInvoker.java:961)\r\n org.testng.internal.invokers.TestInvoker.invokeTestMethods(TestInvoker.java:201)\r\n org.testng.internal.invokers.TestMethodWorker.invokeTestMethods(TestMethodWorker.java:148)\r\n org.testng.internal.invokers.TestMethodWorker.run(TestMethodWorker.java:128)\r\n java.base/java.util.ArrayList.forEach(ArrayList.java:1597)\r\n org.testng.TestRunner.privateRun(TestRunner.java:819)\r\n org.testng.TestRunner.run(TestRunner.java:619)\r\n org.testng.SuiteRunner.runTest(SuiteRunner.java:443)\r\n org.testng.SuiteRunner.runSequentially(SuiteRunner.java:437)\r\n org.testng.SuiteRunner.privateRun(SuiteRunner.java:397)\r\n org.testng.SuiteRunner.run(SuiteRunner.java:336)\r\n org.testng.SuiteRunnerWorker.runSuite(SuiteRunnerWorker.java:52)\r\n org.testng.SuiteRunnerWorker.run(SuiteRunnerWorker.java:95)\r\n org.testng.TestNG.runSuitesSequentially(TestNG.java:1301)\r\n org.testng.TestNG.runSuitesLocally(TestNG.java:1228)\r\n org.testng.TestNG.runSuites(TestNG.java:1134)\r\n org.testng.TestNG.run(TestNG.java:1101)\r\n com.intellij.rt.testng.IDEARemoteTestNG.run(IDEARemoteTestNG.java:65)\r\n com.intellij.rt.testng.RemoteTestNGStarter.main(RemoteTestNGStarter.java:105)"},"stage":"finished","steps":[],"attachments":[{"name":"Screenshot - Click_failed_1711865047032","source":"29bc1fe5-fbc3-4c74-9100-605cacb36c45-attachment.png","type":"image/png"},{"name":"Element Action Exception - Click - Stacktrace","source":"de71874a-b9aa-4111-b1b8-2dbfeaa9f7fe-attachment"}],"parameters":[{"name":"logText","value":"Failed to Click \"By.cssSelector: a[href='/delete_account']\". Root cause: \"org.openqa.selenium.NoSuchElementException: no such element: Unable to locate element: {\"method\":\"css selector\",\"selector\":\"a[href='/delete_account']\"}\""},{"name":"attachments","value":"[[Screenshot, Click_failed_1711865047032, java.io.ByteArrayInputStream@960a64a], [Element Action Exception - Click, Stacktrace, java.lang.AssertionError: Failed to identify unique element using this locator \"By.cssSelector: a[href='/delete_account']\" Root cause: \"org.openqa.selenium.NoSuchElementException: no such element: Unable to locate element: {\"method\":\"css selector\",\"selector\":\"a[href='/delete_account']\"}\"\r\n org.testng.Assert.fail(Assert.java:99)\r\n com.shaft.tools.io.internal.FailureReporter.fail(FailureReporter.java:38)\r\n com.shaft.gui.element.internal.ElementActionsHelper.identifyUniqueElement(ElementActionsHelper.java:873)\r\n com.shaft.gui.element.internal.ElementActionsHelper.performActionAgainstUniqueElementIgnoringVisibility(ElementActionsHelper.java:854)\r\n com.shaft.gui.element.ElementActions.click(ElementActions.java:128)\r\n com.ecommerce.utils.GoogleAlert.dismissAlert(GoogleAlert.java:19)\r\n TestPackage.RegisterUser.test(RegisterUser.java:91)\r\n java.base/jdk.internal.reflect.DirectMethodHandleAccessor.invoke(DirectMethodHandleAccessor.java:103)\r\n java.base/java.lang.reflect.Method.invoke(Method.java:580)\r\n org.testng.internal.invokers.MethodInvocationHelper.invokeMethod(MethodInvocationHelper.java:139)\r\n org.testng.internal.invokers.TestInvoker.invokeMethod(TestInvoker.java:664)\r\n org.testng.internal.invokers.TestInvoker.invokeTestMethod(TestInvoker.java:228)\r\n org.testng.internal.invokers.MethodRunner.runInSequence(MethodRunner.java:63)\r\n org.testng.internal.invokers.TestInvoker$MethodInvocationAgent.invoke(TestInvoker.java:961)\r\n org.testng.internal.invokers.TestInvoker.invokeTestMethods(TestInvoker.java:201)\r\n org.testng.internal.invokers.TestMethodWorker.invokeTestMethods(TestMethodWorker.java:148)\r\n org.testng.internal.invokers.TestMethodWorker.run(TestMethodWorker.java:128)\r\n java.base/java.util.ArrayList.forEach(ArrayList.java:1597)\r\n org.testng.TestRunner.privateRun(TestRunner.java:819)\r\n org.testng.TestRunner.run(TestRunner.java:619)\r\n org.testng.SuiteRunner.runTest(SuiteRunner.java:443)\r\n org.testng.SuiteRunner.runSequentially(SuiteRunner.java:437)\r\n org.testng.SuiteRunner.privateRun(SuiteRunner.java:397)\r\n org.testng.SuiteRunner.run(SuiteRunner.java:336)\r\n org.testng.SuiteRunnerWorker.runSuite(SuiteRunnerWorker.java:52)\r\n org.testng.SuiteRunnerWorker.run(SuiteRunnerWorker.java:95)\r\n org.testng.TestNG.runSuitesSequentially(TestNG.java:1301)\r\n org.testng.TestNG.runSuitesLocally(TestNG.java:1228)\r\n org.testng.TestNG.runSuites(TestNG.java:1134)\r\n org.testng.TestNG.run(TestNG.java:1101)\r\n com.intellij.rt.testng.IDEARemoteTestNG.run(IDEARemoteTestNG.java:65)\r\n com.intellij.rt.testng.RemoteTestNGStarter.main(RemoteTestNGStarter.java:105)\r\n\r\nCaused by: org.openqa.selenium.TimeoutException: Expected condition failed: waiting for com.shaft.gui.element.internal.ElementActionsHelper$$Lambda/0x000001dc5872f1b8@763df8f3 (tried for 60 second(s) with 100 milliseconds interval)\r\n org.openqa.selenium.support.ui.FluentWait.timeoutException(FluentWait.java:265)\r\n org.openqa.selenium.support.ui.FluentWait.until(FluentWait.java:228)\r\n com.shaft.gui.element.internal.ElementActionsHelper.waitForElementPresence(ElementActionsHelper.java:130)\r\n com.shaft.gui.element.internal.ElementActionsHelper.getMatchingElementsInformation(ElementActionsHelper.java:903)\r\n com.shaft.gui.element.internal.ElementActionsHelper.identifyUniqueElement(ElementActionsHelper.java:866)\r\n com.shaft.gui.element.internal.ElementActionsHelper.performActionAgainstUniqueElementIgnoringVisibility(ElementActionsHelper.java:854)\r\n com.shaft.gui.element.ElementActions.click(ElementActions.java:128)\r\n com.ecommerce.utils.GoogleAlert.dismissAlert(GoogleAlert.java:19)\r\n TestPackage.RegisterUser.test(RegisterUser.java:91)\r\n java.base/jdk.internal.reflect.DirectMethodHandleAccessor.invoke(DirectMethodHandleAccessor.java:103)\r\n java.base/java.lang.reflect.Method.invoke(Method.java:580)\r\n org.testng.internal.invokers.MethodInvocationHelper.invokeMethod(MethodInvocationHelper.java:139)\r\n org.testng.internal.invokers.TestInvoker.invokeMethod(TestInvoker.java:664)\r\n org.testng.internal.invokers.TestInvoker.invokeTestMethod(TestInvoker.java:228)\r\n org.testng.internal.invokers.MethodRunner.runInSequence(MethodRunner.java:63)\r\n org.testng.internal.invokers.TestInvoker$MethodInvocationAgent.invoke(TestInvoker.java:961)\r\n org.testng.internal.invokers.TestInvoker.invokeTestMethods(TestInvoker.java:201)\r\n org.testng.internal.invokers.TestMethodWorker.invokeTestMethods(TestMethodWorker.java:148)\r\n org.testng.internal.invokers.TestMethodWorker.run(TestMethodWorker.java:128)\r\n java.base/java.util.ArrayList.forEach(ArrayList.java:1597)\r\n org.testng.TestRunner.privateRun(TestRunner.java:819)\r\n org.testng.TestRunner.run(TestRunner.java:619)\r\n org.testng.SuiteRunner.runTest(SuiteRunner.java:443)\r\n org.testng.SuiteRunner.runSequentially(SuiteRunner.java:437)\r\n org.testng.SuiteRunner.privateRun(SuiteRunner.java:397)\r\n org.testng.SuiteRunner.run(SuiteRunner.java:336)\r\n org.testng.SuiteRunnerWorker.runSuite(SuiteRunnerWorker.java:52)\r\n org.testng.SuiteRunnerWorker.run(SuiteRunnerWorker.java:95)\r\n org.testng.TestNG.runSuitesSequentially(TestNG.java:1301)\r\n org.testng.TestNG.runSuitesLocally(TestNG.java:1228)\r\n org.testng.TestNG.runSuites(TestNG.java:1134)\r\n org.testng.TestNG.run(TestNG.java:1101)\r\n com.intellij.rt.testng.IDEARemoteTestNG.run(IDEARemoteTestNG.java:65)\r\n com.intellij.rt.testng.RemoteTestNGStarter.main(RemoteTestNGStarter.java:105)\r\n\r\nCaused by: org.openqa.selenium.NoSuchElementException: no such element: Unable to locate element: {\"method\":\"css selector\",\"selector\":\"a[href='/delete_account']\"}\n  (Session info: chrome=123.0.6312.86)\nFor documentation on this error, please visit: https://www.selenium.dev/documentation/webdriver/troubleshooting/errors#no-such-element-exception\nBuild info: version: '4.18.1', revision: 'b1d3319b48'\nSystem info: os.name: 'Windows 10', os.arch: 'amd64', os.version: '10.0', java.version: '22'\nDriver info: org.openqa.selenium.chrome.ChromeDriver\nCommand: [bf3ea714f6930880933765694232f081, findElement {value=a[href='/delete_account'], using=css selector}]\nCapabilities {acceptInsecureCerts: true, browserName: chrome, browserVersion: 123.0.6312.86, chrome: {chromedriverVersion: 123.0.6312.86 (9b72c47a0536..., userDataDir: C:\\Users\\ELSHEAKH\\AppData\\L...}, fedcm:accounts: true, goog:chromeOptions: {debuggerAddress: localhost:55669}, networkConnectionEnabled: false, pageLoadStrategy: normal, platformName: windows, proxy: Proxy(), se:cdp: ws://localhost:55669/devtoo..., se:cdpVersion: 123.0.6312.86, setWindowRect: true, strictFileInteractability: false, timeouts: {implicit: 0, pageLoad: 60000, script: 60000}, unhandledPromptBehavior: ignore, webSocketUrl: ws://localhost:47476/sessio..., webauthn:extension:credBlob: true, webauthn:extension:largeBlob: true, webauthn:extension:minPinLength: true, webauthn:extension:prf: true, webauthn:virtualAuthenticators: true}\nSession ID: bf3ea714f6930880933765694232f081\r\n java.base/jdk.internal.reflect.DirectConstructorHandleAccessor.newInstance(DirectConstructorHandleAccessor.java:62)\r\n java.base/java.lang.reflect.Constructor.newInstanceWithCaller(Constructor.java:502)\r\n java.base/java.lang.reflect.Constructor.newInstance(Constructor.java:486)\r\n org.openqa.selenium.remote.ErrorCodec.decode(ErrorCodec.java:167)\r\n org.openqa.selenium.remote.codec.w3c.W3CHttpResponseCodec.decode(W3CHttpResponseCodec.java:138)\r\n org.openqa.selenium.remote.codec.w3c.W3CHttpResponseCodec.decode(W3CHttpResponseCodec.java:50)\r\n org.openqa.selenium.remote.HttpCommandExecutor.execute(HttpCommandExecutor.java:190)\r\n org.openqa.selenium.remote.service.DriverCommandExecutor.invokeExecute(DriverCommandExecutor.java:216)\r\n org.openqa.selenium.remote.service.DriverCommandExecutor.execute(DriverCommandExecutor.java:174)\r\n org.openqa.selenium.remote.RemoteWebDriver.execute(RemoteWebDriver.java:519)\r\n org.openqa.selenium.remote.ElementLocation$ElementFinder$2.findElement(ElementLocation.java:165)\r\n org.openqa.selenium.remote.ElementLocation.findElement(ElementLocation.java:59)\r\n org.openqa.selenium.remote.RemoteWebDriver.findElement(RemoteWebDriver.java:356)\r\n org.openqa.selenium.remote.RemoteWebDriver.findElement(RemoteWebDriver.java:350)\r\n com.shaft.gui.element.internal.ElementActionsHelper.lambda$waitForElementPresence$6(ElementActionsHelper.java:149)\r\n org.openqa.selenium.support.ui.FluentWait.until(FluentWait.java:203)\r\n com.shaft.gui.element.internal.ElementActionsHelper.waitForElementPresence(ElementActionsHelper.java:130)\r\n com.shaft.gui.element.internal.ElementActionsHelper.getMatchingElementsInformation(ElementActionsHelper.java:903)\r\n com.shaft.gui.element.internal.ElementActionsHelper.identifyUniqueElement(ElementActionsHelper.java:866)\r\n com.shaft.gui.element.internal.ElementActionsHelper.performActionAgainstUniqueElementIgnoringVisibility(ElementActionsHelper.java:854)\r\n com.shaft.gui.element.ElementActions.click(ElementActions.java:128)\r\n com.ecommerce.utils.GoogleAlert.dismissAlert(GoogleAlert.java:19)\r\n TestPackage.RegisterUser.test(RegisterUser.java:91)\r\n java.base/jdk.internal.reflect.DirectMethodHandleAccessor.invoke(DirectMethodHandleAccessor.java:103)\r\n java.base/java.lang.reflect.Method.invoke(Method.java:580)\r\n org.testng.internal.invokers.MethodInvocationHelper.invokeMethod(MethodInvocationHelper.java:139)\r\n org.testng.internal.invokers.TestInvoker.invokeMethod(TestInvoker.java:664)\r\n org.testng.internal.invokers.TestInvoker.invokeTestMethod(TestInvoker.java:228)\r\n org.testng.internal.invokers.MethodRunner.runInSequence(MethodRunner.java:63)\r\n org.testng.internal.invokers.TestInvoker$MethodInvocationAgent.invoke(TestInvoker.java:961)\r\n org.testng.internal.invokers.TestInvoker.invokeTestMethods(TestInvoker.java:201)\r\n org.testng.internal.invokers.TestMethodWorker.invokeTestMethods(TestMethodWorker.java:148)\r\n org.testng.internal.invokers.TestMethodWorker.run(TestMethodWorker.java:128)\r\n java.base/java.util.ArrayList.forEach(ArrayList.java:1597)\r\n org.testng.TestRunner.privateRun(TestRunner.java:819)\r\n org.testng.TestRunner.run(TestRunner.java:619)\r\n org.testng.SuiteRunner.runTest(SuiteRunner.java:443)\r\n org.testng.SuiteRunner.runSequentially(SuiteRunner.java:437)\r\n org.testng.SuiteRunner.privateRun(SuiteRunner.java:397)\r\n org.testng.SuiteRunner.run(SuiteRunner.java:336)\r\n org.testng.SuiteRunnerWorker.runSuite(SuiteRunnerWorker.java:52)\r\n org.testng.SuiteRunnerWorker.run(SuiteRunnerWorker.java:95)\r\n org.testng.TestNG.runSuitesSequentially(TestNG.java:1301)\r\n org.testng.TestNG.runSuitesLocally(TestNG.java:1228)\r\n org.testng.TestNG.runSuites(TestNG.java:1134)\r\n org.testng.TestNG.run(TestNG.java:1101)\r\n com.intellij.rt.testng.IDEARemoteTestNG.run(IDEARemoteTestNG.java:65)\r\n com.intellij.rt.testng.RemoteTestNGStarter.main(RemoteTestNGStarter.java:105)\r\n]]"},{"name":"status","value":"FAIL"}],"start":1711865047226,"stop":1711865047233},{"name":"Click \"Continue\".","status":"passed","stage":"finished","steps":[],"attachments":[],"parameters":[],"start":1711865050510,"stop":1711865050510}],"attachments":[{"name":"SHAFT Engine Logs - Current Method log: test","source":"3dae1e08-d571-4159-a05c-264e3400084d-attachment.txt","type":"text/plain"}],"parameters":[],"start":1711864842651,"stop":1711865050520}